2017-12-22 09:11:11,832 WARN [com.alibaba.dubbo.remoting.transport.AbstractServer] - < [DUBBO] All clients has discontected from /192.168.17.62:20660. You can graceful shutdown now., dubbo version: 2.5.7, current host: 192.168.17.62>
2017-12-22 09:11:12,088 WARN [com.alibaba.dubbo.remoting.transport.netty.NettyServer] - < [DUBBO] org/jboss/netty/util/internal/ExecutorUtil, dubbo version: 2.5.7, current host: 192.168.17.62>
java.lang.NoClassDefFoundError: org/jboss/netty/util/internal/ExecutorUtil
	at org.jboss.netty.channel.socket.nio.NioServerSocketChannelFactory.releaseExternalResources(NioServerSocketChannelFactory.java:146)
	at org.jboss.netty.bootstrap.Bootstrap.releaseExternalResources(Bootstrap.java:324)
	at com.alibaba.dubbo.remoting.transport.netty.NettyServer.doClose(NettyServer.java:124)
	at com.alibaba.dubbo.remoting.transport.AbstractServer.close(AbstractServer.java:153)
	at com.alibaba.dubbo.remoting.transport.AbstractServer.close(AbstractServer.java:161)
	at com.alibaba.dubbo.remoting.exchange.support.header.HeaderExchangeServer.close(HeaderExchangeServer.java:118)
	at com.alibaba.dubbo.rpc.protocol.dubbo.DubboProtocol.destroy(DubboProtocol.java:382)
	at com.alibaba.dubbo.rpc.protocol.ProtocolListenerWrapper.destroy(ProtocolListenerWrapper.java:72)
	at com.alibaba.dubbo.rpc.protocol.ProtocolFilterWrapper.destroy(ProtocolFilterWrapper.java:105)
	at com.alibaba.dubbo.config.ProtocolConfig.destroyAll(ProtocolConfig.java:153)
	at com.alibaba.dubbo.config.AbstractConfig$1.run(AbstractConfig.java:82)
	at java.lang.Thread.run(Thread.java:745)
Caused by: java.lang.ClassNotFoundException: Illegal access: this web application instance has been stopped already. Could not load [org.jboss.netty.util.internal.ExecutorUtil]. The following stack trace is thrown for debugging purposes as well as to attempt to terminate the thread which caused the illegal access.
	at org.apache.catalina.loader.WebappClassLoaderBase.checkStateForClassLoading(WebappClassLoaderBase.java:1285)
	at org.apache.catalina.loader.WebappClassLoaderBase.loadClass(WebappClassLoaderBase.java:1148)
	at org.apache.catalina.loader.WebappClassLoaderBase.loadClass(WebappClassLoaderBase.java:1109)
	... 12 more
Caused by: java.lang.IllegalStateException: Illegal access: this web application instance has been stopped already. Could not load [org.jboss.netty.util.internal.ExecutorUtil]. The following stack trace is thrown for debugging purposes as well as to attempt to terminate the thread which caused the illegal access.
	at org.apache.catalina.loader.WebappClassLoaderBase.checkStateForResourceLoading(WebappClassLoaderBase.java:1295)
	at org.apache.catalina.loader.WebappClassLoaderBase.checkStateForClassLoading(WebappClassLoaderBase.java:1283)
	... 14 more
