2017-12-08 09:24:58,237 WARN [org.apache.zookeeper.ClientCnxn] - <Client session timed out, have not heard from server in 20519ms for sessionid 0x1000007f4f40265>
2017-12-08 09:26:00,404 WARN [org.apache.zookeeper.ClientCnxn] - <Client session timed out, have not heard from server in 25796ms for sessionid 0x1000007f4f40266>
2017-12-08 09:27:13,661 WARN [org.apache.zookeeper.ClientCnxn] - <Unable to reconnect to ZooKeeper service, session 0x1000007f4f40266 has expired>
2017-12-08 09:27:29,260 WARN [com.alibaba.dubbo.remoting.exchange.support.header.HeartBeatTask] - < [DUBBO] Exception when heartbeat to remote channel /192.168.17.186:20660, dubbo version: 2.5.3, current host: 192.168.159.1>
com.alibaba.dubbo.remoting.RemotingException: Failed to send message Request [id=0, version=2.0.0, twoway=true, event=true, broken=false, data=null] to /192.168.17.186:20660, cause: null
	at com.alibaba.dubbo.remoting.transport.netty.NettyChannel.send(NettyChannel.java:108)
	at com.alibaba.dubbo.remoting.transport.AbstractClient.send(AbstractClient.java:270)
	at com.alibaba.dubbo.remoting.exchange.support.header.HeaderExchangeChannel.send(HeaderExchangeChannel.java:87)
	at com.alibaba.dubbo.remoting.exchange.support.header.HeaderExchangeChannel.send(HeaderExchangeChannel.java:77)
	at com.alibaba.dubbo.remoting.exchange.support.header.HeaderExchangeClient.send(HeaderExchangeClient.java:111)
	at com.alibaba.dubbo.remoting.exchange.support.header.HeartBeatTask.run(HeartBeatTask.java:64)
	at java.util.concurrent.Executors$RunnableAdapter.call(Executors.java:511)
	at java.util.concurrent.FutureTask.runAndReset(FutureTask.java:308)
	at java.util.concurrent.ScheduledThreadPoolExecutor$ScheduledFutureTask.access$301(ScheduledThreadPoolExecutor.java:180)
	at java.util.concurrent.ScheduledThreadPoolExecutor$ScheduledFutureTask.run(ScheduledThreadPoolExecutor.java:294)
	at java.util.concurrent.ThreadPoolExecutor.runWorker(ThreadPoolExecutor.java:1142)
	at java.util.concurrent.ThreadPoolExecutor$Worker.run(ThreadPoolExecutor.java:617)
	at java.lang.Thread.run(Thread.java:745)
Caused by: java.nio.channels.ClosedChannelException
	at org.jboss.netty.channel.socket.nio.NioWorker.cleanUpWriteBuffer(NioWorker.java:643)
	at org.jboss.netty.channel.socket.nio.NioWorker.writeFromUserCode(NioWorker.java:370)
	at org.jboss.netty.channel.socket.nio.NioClientSocketPipelineSink.eventSunk(NioClientSocketPipelineSink.java:117)
	at org.jboss.netty.channel.Channels.write(Channels.java:632)
	at org.jboss.netty.handler.codec.oneone.OneToOneEncoder.handleDownstream(OneToOneEncoder.java:70)
	at com.alibaba.dubbo.remoting.transport.netty.NettyHandler.writeRequested(NettyHandler.java:99)
	at org.jboss.netty.channel.Channels.write(Channels.java:611)
	at org.jboss.netty.channel.Channels.write(Channels.java:578)
	at org.jboss.netty.channel.AbstractChannel.write(AbstractChannel.java:251)
	at com.alibaba.dubbo.remoting.transport.netty.NettyChannel.send(NettyChannel.java:98)
	... 12 more
2017-12-08 09:32:31,780 WARN [org.apache.zookeeper.ClientCnxn] - <Client session timed out, have not heard from server in 26866ms for sessionid 0x1000007f4f4026a>
2017-12-08 09:33:00,123 WARN [org.apache.zookeeper.ClientCnxn] - <Unable to reconnect to ZooKeeper service, session 0x1000007f4f4026a has expired>
2017-12-08 09:33:00,198 WARN [com.alibaba.dubbo.remoting.exchange.support.header.HeartBeatTask] - < [DUBBO] Exception when heartbeat to remote channel /192.168.17.186:20660, dubbo version: 2.5.3, current host: 192.168.159.1>
com.alibaba.dubbo.remoting.RemotingException: Failed to send message Request [id=0, version=2.0.0, twoway=true, event=true, broken=false, data=null] to /192.168.17.186:20660, cause: null
	at com.alibaba.dubbo.remoting.transport.netty.NettyChannel.send(NettyChannel.java:108)
	at com.alibaba.dubbo.remoting.transport.AbstractClient.send(AbstractClient.java:270)
	at com.alibaba.dubbo.remoting.exchange.support.header.HeaderExchangeChannel.send(HeaderExchangeChannel.java:87)
	at com.alibaba.dubbo.remoting.exchange.support.header.HeaderExchangeChannel.send(HeaderExchangeChannel.java:77)
	at com.alibaba.dubbo.remoting.exchange.support.header.HeaderExchangeClient.send(HeaderExchangeClient.java:111)
	at com.alibaba.dubbo.remoting.exchange.support.header.HeartBeatTask.run(HeartBeatTask.java:64)
	at java.util.concurrent.Executors$RunnableAdapter.call(Executors.java:511)
	at java.util.concurrent.FutureTask.runAndReset(FutureTask.java:308)
	at java.util.concurrent.ScheduledThreadPoolExecutor$ScheduledFutureTask.access$301(ScheduledThreadPoolExecutor.java:180)
	at java.util.concurrent.ScheduledThreadPoolExecutor$ScheduledFutureTask.run(ScheduledThreadPoolExecutor.java:294)
	at java.util.concurrent.ThreadPoolExecutor.runWorker(ThreadPoolExecutor.java:1142)
	at java.util.concurrent.ThreadPoolExecutor$Worker.run(ThreadPoolExecutor.java:617)
	at java.lang.Thread.run(Thread.java:745)
Caused by: java.nio.channels.ClosedChannelException
	at org.jboss.netty.channel.socket.nio.NioWorker.cleanUpWriteBuffer(NioWorker.java:643)
	at org.jboss.netty.channel.socket.nio.NioWorker.writeFromUserCode(NioWorker.java:370)
	at org.jboss.netty.channel.socket.nio.NioClientSocketPipelineSink.eventSunk(NioClientSocketPipelineSink.java:117)
	at org.jboss.netty.channel.Channels.write(Channels.java:632)
	at org.jboss.netty.handler.codec.oneone.OneToOneEncoder.handleDownstream(OneToOneEncoder.java:70)
	at com.alibaba.dubbo.remoting.transport.netty.NettyHandler.writeRequested(NettyHandler.java:99)
	at org.jboss.netty.channel.Channels.write(Channels.java:611)
	at org.jboss.netty.channel.Channels.write(Channels.java:578)
	at org.jboss.netty.channel.AbstractChannel.write(AbstractChannel.java:251)
	at com.alibaba.dubbo.remoting.transport.netty.NettyChannel.send(NettyChannel.java:98)
	... 12 more
2017-12-08 09:37:26,647 WARN [org.apache.zookeeper.ClientCnxn] - <Client session timed out, have not heard from server in 21978ms for sessionid 0x1000007f4f4026d>
2017-12-08 09:37:41,614 WARN [org.apache.zookeeper.ClientCnxn] - <Unable to reconnect to ZooKeeper service, session 0x1000007f4f4026d has expired>
2017-12-08 09:38:36,334 WARN [org.apache.zookeeper.ClientCnxn] - <Client session timed out, have not heard from server in 54653ms for sessionid 0x1000007f4f4026e>
2017-12-08 09:38:56,889 WARN [org.apache.zookeeper.ClientCnxn] - <Unable to reconnect to ZooKeeper service, session 0x1000007f4f4026e has expired>
2017-12-08 10:21:44,055 WARN [org.apache.zookeeper.ClientCnxn] - <Client session timed out, have not heard from server in 29668ms for sessionid 0x1000007f4f40272>
2017-12-08 10:22:17,003 WARN [org.apache.zookeeper.ClientCnxn] - <Unable to reconnect to ZooKeeper service, session 0x1000007f4f40272 has expired>
2017-12-08 10:24:01,552 WARN [org.apache.zookeeper.ClientCnxn] - <Client session timed out, have not heard from server in 21843ms for sessionid 0x1000007f4f40273>
2017-12-08 10:36:44,082 WARN [org.apache.zookeeper.ClientCnxn] - <Client session timed out, have not heard from server in 21460ms for sessionid 0x1000007f4f40275>
2017-12-08 10:37:00,045 WARN [org.apache.zookeeper.ClientCnxn] - <Unable to reconnect to ZooKeeper service, session 0x1000007f4f40275 has expired>
2017-12-08 11:11:20,606 WARN [org.apache.zookeeper.ClientCnxn] - <Client session timed out, have not heard from server in 1629425ms for sessionid 0x1000007f4f40278>
2017-12-08 11:11:56,297 WARN [com.alibaba.dubbo.remoting.exchange.support.header.HeartBeatTask] - < [DUBBO] Close channel HeaderExchangeClient [channel=com.alibaba.dubbo.remoting.transport.netty.NettyClient [192.168.159.1:0 -> /192.168.17.186:20660]], because heartbeat read idle time out: 180000ms, dubbo version: 2.5.3, current host: 192.168.159.1>
2017-12-08 11:12:02,465 WARN [org.apache.zookeeper.ClientCnxn] - <Unable to reconnect to ZooKeeper service, session 0x1000007f4f40278 has expired>
2017-12-08 11:13:37,766 WARN [org.apache.zookeeper.ClientCnxn] - <Client session timed out, have not heard from server in 20335ms for sessionid 0x1000007f4f4027a>
2017-12-08 11:13:58,311 WARN [org.apache.zookeeper.ClientCnxn] - <Unable to reconnect to ZooKeeper service, session 0x1000007f4f4027a has expired>
2017-12-08 11:15:14,896 WARN [org.apache.zookeeper.ClientCnxn] - <Client session timed out, have not heard from server in 48717ms for sessionid 0x1000007f4f4027b>
