<<<<<<< HEAD
2017-11-16 11:31:05,072 INFO [com.lanxi.util.utils.LoggerUtil] - <log4j初始化完成!>
2017-11-16 11:31:05,555 INFO [org.springframework.context.support.GenericApplicationContext] - <Closing org.springframework.context.support.GenericApplicationContext@6eebc39e: startup date [Thu Nov 16 11:31:01 CST 2017]; root of context hierarchy>
2017-11-16 11:31:05,555 INFO [com.alibaba.dubbo.config.AbstractConfig] - < [DUBBO] Run shutdown hook now., dubbo version: 2.5.3, current host: 127.0.0.1>
2017-11-16 11:31:05,563 INFO [com.alibaba.dubbo.registry.support.AbstractRegistryFactory] - < [DUBBO] Close all registries [], dubbo version: 2.5.3, current host: 127.0.0.1>
=======
2017-11-17 14:45:10,660 INFO [com.lanxi.util.utils.LoggerUtil] - <log4j初始化完成!>
2017-11-17 14:45:10,669 INFO [com.lanxi.couponcode.impl.service.ShopServiceImpl] - <尝试单个添加门店,
operaterId[null]
,serviceTel[null]
,merchantId[1]
,shopName[蓝喜]
,shopAddress[杭州]
>
2017-11-17 14:45:10,860 INFO [com.lanxi.couponcode.impl.service.MerchantServiceImpl] - <尝试添加商户其他证明资料,
merchantId[1]operaterId[null]
>
2017-11-17 14:45:11,081 INFO [com.lanxi.couponcode.impl.service.MerchantServiceImpl] - <获取到的商户状态[1]merchantId[1]operaterId[null]
>
2017-11-17 14:45:11,338 INFO [com.lanxi.couponcode.impl.service.ShopServiceImpl] - <尝试单个添加门店
operaterId[null]
,serviceTel[null]
,merchantId[1]
,shopName[蓝喜]
,shopAddress[杭州]
>
2017-11-17 14:45:11,621 INFO [com.alibaba.dubbo.config.AbstractConfig] - < [DUBBO] Run shutdown hook now., dubbo version: 2.5.3, current host: 127.0.0.1>
2017-11-17 14:45:11,644 INFO [com.alibaba.dubbo.registry.support.AbstractRegistryFactory] - < [DUBBO] Close all registries [], dubbo version: 2.5.3, current host: 127.0.0.1>
<<<<<<< HEAD
>>>>>>> 3c441174f60e273d953f4f9ec9389353e9dfc74a
=======
2017-11-17 14:57:49,132 INFO [com.lanxi.util.utils.LoggerUtil] - <log4j初始化完成!>
2017-11-17 14:57:49,133 INFO [com.lanxi.couponcode.impl.service.ShopServiceImpl] - <尝试冻结门店
shopId[931412883098533888]
,operaterId[null]
>
2017-11-17 14:57:49,446 INFO [com.lanxi.couponcode.impl.service.ShopServiceImpl] - <尝试添加冻结门店操作记录
shopId[931412883098533888]
,operaterId[null]
>
2017-11-17 14:57:49,788 INFO [com.alibaba.dubbo.config.AbstractConfig] - < [DUBBO] Run shutdown hook now., dubbo version: 2.5.3, current host: 127.0.0.1>
2017-11-17 14:57:49,797 INFO [com.alibaba.dubbo.registry.support.AbstractRegistryFactory] - < [DUBBO] Close all registries [], dubbo version: 2.5.3, current host: 127.0.0.1>
2017-11-17 14:58:33,574 INFO [com.lanxi.util.utils.LoggerUtil] - <log4j初始化完成!>
2017-11-17 14:58:33,587 INFO [com.lanxi.couponcode.impl.service.ShopServiceImpl] - <尝试开启门店
shopId[931412883098533888]
,operaterId[null]
>
2017-11-17 14:58:33,909 INFO [com.lanxi.couponcode.impl.service.ShopServiceImpl] - <尝试添加开启门店操作记录
shopId[931412883098533888]
,operaterId[null]
>
2017-11-17 14:58:34,290 INFO [com.alibaba.dubbo.config.AbstractConfig] - < [DUBBO] Run shutdown hook now., dubbo version: 2.5.3, current host: 127.0.0.1>
2017-11-17 14:58:34,295 INFO [com.alibaba.dubbo.registry.support.AbstractRegistryFactory] - < [DUBBO] Close all registries [], dubbo version: 2.5.3, current host: 127.0.0.1>
2017-11-17 15:00:36,231 INFO [com.lanxi.util.utils.LoggerUtil] - <log4j初始化完成!>
2017-11-17 15:00:36,232 INFO [com.lanxi.couponcode.impl.service.ShopServiceImpl] - <尝试获取门店信息
shopName[null]
,status[null]
,shopAddress[null]
,merchantId[1]
,operaterId[null]
>
2017-11-17 15:00:36,236 INFO [com.lanxi.couponcode.impl.service.ShopServiceImpl] - <条件装饰结果[WHERE (merchant_id = ?)]
shopName[null]
,status[null]
,shopAddress[null]
,merchantId[1]
,operaterId[null]
>
2017-11-17 15:00:36,535 INFO [com.lanxi.couponcode.impl.service.ShopServiceImpl] - <查询到的总记录数[1]
shopName[null]
,status[null]
,shopAddress[null]
,merchantId[1]
,operaterId[null]
>
2017-11-17 15:00:36,537 INFO [com.alibaba.dubbo.config.AbstractConfig] - < [DUBBO] Run shutdown hook now., dubbo version: 2.5.3, current host: 127.0.0.1>
2017-11-17 15:00:36,542 INFO [com.alibaba.dubbo.registry.support.AbstractRegistryFactory] - < [DUBBO] Close all registries [], dubbo version: 2.5.3, current host: 127.0.0.1>
2017-11-17 15:01:53,201 INFO [com.lanxi.util.utils.LoggerUtil] - <log4j初始化完成!>
2017-11-17 15:01:53,203 INFO [com.lanxi.couponcode.impl.service.ShopServiceImpl] - <尝试开始修改门店信息
shopName[杭州蓝喜]
,serviceTel[null]
,shopAddress[null]
,minuteShopAddress[null]
,shopId[931412883098533888]
,operaterId[null]
>
2017-11-17 15:01:53,222 INFO [com.alibaba.dubbo.config.AbstractConfig] - < [DUBBO] Run shutdown hook now., dubbo version: 2.5.3, current host: 127.0.0.1>
2017-11-17 15:01:53,226 INFO [com.alibaba.dubbo.registry.support.AbstractRegistryFactory] - < [DUBBO] Close all registries [], dubbo version: 2.5.3, current host: 127.0.0.1>
2017-11-17 15:03:20,388 INFO [com.lanxi.util.utils.LoggerUtil] - <log4j初始化完成!>
2017-11-17 15:03:20,389 INFO [com.lanxi.couponcode.impl.service.ShopServiceImpl] - <尝试开始修改门店信息
shopName[杭州蓝喜]
,serviceTel[null]
,shopAddress[杭州]
,minuteShopAddress[null]
,shopId[931412883098533888]
,operaterId[null]
>
2017-11-17 15:03:20,749 INFO [com.lanxi.couponcode.impl.service.ShopServiceImpl] - <开始尝试添加修改门店信息操作记录
shopName[杭州蓝喜]
,serviceTel[null]
,shopAddress[杭州]
,minuteShopAddress[null]
,shopId[931412883098533888]
,operaterId[null]
>
2017-11-17 15:03:21,101 INFO [com.alibaba.dubbo.config.AbstractConfig] - < [DUBBO] Run shutdown hook now., dubbo version: 2.5.3, current host: 127.0.0.1>
2017-11-17 15:03:21,110 INFO [com.alibaba.dubbo.registry.support.AbstractRegistryFactory] - < [DUBBO] Close all registries [], dubbo version: 2.5.3, current host: 127.0.0.1>
2017-11-17 15:06:38,175 INFO [com.lanxi.util.utils.LoggerUtil] - <log4j初始化完成!>
2017-11-17 15:06:38,177 INFO [com.lanxi.couponcode.impl.service.MerchantServiceImpl] - <尝试添加商户其他证明资料,
merchantId[null]operaterId[null]
>
2017-11-17 15:09:18,337 INFO [com.lanxi.util.utils.LoggerUtil] - <log4j初始化完成!>
2017-11-17 15:09:18,339 INFO [com.lanxi.couponcode.impl.service.MerchantServiceImpl] - <尝试获取商户状态,
merchantId[null]operaterId[null]
>
2017-11-17 15:09:19,562 INFO [com.lanxi.couponcode.impl.service.ShopServiceImpl] - <批量添加门店----获取到第[0]个sheet第[1]个门店信息+[Shop [shopId=931418959600644096, merchantId=1, shopName=蓝喜, createTime=20171117150919, merchantStatus=null, shopAddress=杭州, minuteShopAddress=null, shorStatus=1, servicetel=13165978091]]开始尝试添加
shopId[1]
,operaterId[null]
>
2017-11-17 15:09:19,916 INFO [com.lanxi.couponcode.impl.service.ShopServiceImpl] - <开始尝试添加添加门店操作记录
shopId[1]
,operaterId[null]
>
2017-11-17 15:09:19,917 INFO [com.lanxi.couponcode.impl.service.ShopServiceImpl] - <批量添加门店----获取到第[0]个sheet第[2]个门店信息+[Shop [shopId=931418961114787840, merchantId=1, shopName=蓝喜科技, createTime=20171117150919, merchantStatus=null, shopAddress=杭州, minuteShopAddress=null, shorStatus=1, servicetel=0395-888888]]开始尝试添加
shopId[1]
,operaterId[null]
>
2017-11-17 15:09:20,097 INFO [com.lanxi.couponcode.impl.service.ShopServiceImpl] - <开始尝试添加添加门店操作记录
shopId[1]
,operaterId[null]
>
2017-11-17 15:09:20,098 INFO [com.lanxi.couponcode.impl.service.ShopServiceImpl] - <第[0]个sheet的第[3]个门店客服电话为空>
2017-11-17 15:09:20,099 INFO [com.lanxi.couponcode.impl.service.ShopServiceImpl] - <批量添加门店----获取到第[0]个sheet第[3]个门店信息+[Shop [shopId=931418961882345472, merchantId=1, shopName=蓝喜喜, createTime=20171117150920, merchantStatus=null, shopAddress=杭州, minuteShopAddress=null, shorStatus=1, servicetel=0395-888888]]开始尝试添加
shopId[1]
,operaterId[null]
>
2017-11-17 15:09:20,321 INFO [com.lanxi.couponcode.impl.service.ShopServiceImpl] - <开始尝试添加添加门店操作记录
shopId[1]
,operaterId[null]
>
2017-11-17 15:09:20,361 INFO [com.alibaba.dubbo.config.AbstractConfig] - < [DUBBO] Run shutdown hook now., dubbo version: 2.5.3, current host: 127.0.0.1>
2017-11-17 15:09:20,365 INFO [com.alibaba.dubbo.registry.support.AbstractRegistryFactory] - < [DUBBO] Close all registries [], dubbo version: 2.5.3, current host: 127.0.0.1>
2017-11-17 15:14:16,360 INFO [com.lanxi.util.utils.LoggerUtil] - <log4j初始化完成!>
2017-11-17 15:14:16,367 INFO [com.alibaba.dubbo.config.AbstractConfig] - < [DUBBO] Run shutdown hook now., dubbo version: 2.5.3, current host: 127.0.0.1>
2017-11-17 15:14:16,372 INFO [com.alibaba.dubbo.registry.support.AbstractRegistryFactory] - < [DUBBO] Close all registries [], dubbo version: 2.5.3, current host: 127.0.0.1>
2017-11-17 15:16:17,761 INFO [com.lanxi.util.utils.LoggerUtil] - <log4j初始化完成!>
2017-11-17 15:16:17,763 INFO [com.lanxi.couponcode.impl.service.MerchantServiceImpl] - <尝试获取商户状态,
merchantId[1]operaterId[null]
>
2017-11-17 15:16:17,922 INFO [com.lanxi.couponcode.impl.service.MerchantServiceImpl] - <获取到的商户状态[1]merchantId[1]operaterId[null]
>
2017-11-17 15:16:19,097 INFO [com.lanxi.couponcode.impl.service.ShopServiceImpl] - <批量添加门店----获取到第[0]个sheet第[1]个门店信息+[Shop [shopId=931420719266336768, merchantId=1, shopName=蓝喜, createTime=20171117151618, merchantStatus=1, shopAddress=杭州, minuteShopAddress=null, shorStatus=1, servicetel=13165978091]]开始尝试添加
shopId[1]
,operaterId[null]
>
2017-11-17 15:16:19,337 INFO [com.lanxi.couponcode.impl.service.ShopServiceImpl] - <开始尝试添加添加门店操作记录
shopId[1]
,operaterId[null]
>
2017-11-17 15:16:19,508 INFO [com.alibaba.dubbo.config.AbstractConfig] - < [DUBBO] Run shutdown hook now., dubbo version: 2.5.3, current host: 127.0.0.1>
2017-11-17 15:16:19,513 INFO [com.alibaba.dubbo.registry.support.AbstractRegistryFactory] - < [DUBBO] Close all registries [], dubbo version: 2.5.3, current host: 127.0.0.1>
2017-11-17 15:19:15,690 INFO [com.lanxi.util.utils.LoggerUtil] - <log4j初始化完成!>
2017-11-17 15:19:15,692 INFO [com.lanxi.couponcode.impl.service.MerchantServiceImpl] - <尝试获取商户状态,
merchantId[1]operaterId[null]
>
2017-11-17 15:19:15,871 INFO [com.lanxi.couponcode.impl.service.MerchantServiceImpl] - <获取到的商户状态[1]merchantId[1]operaterId[null]
>
2017-11-17 15:19:17,173 INFO [com.lanxi.couponcode.impl.service.ShopServiceImpl] - <批量添加门店----获取到第[0]个sheet第[1]个门店信息+[Shop [shopId=931421466162880512, merchantId=1, shopName=蓝喜, createTime=20171117151917, merchantStatus=1, shopAddress=杭州, minuteShopAddress=null, shorStatus=1, servicetel=13165978091]]开始尝试添加
shopId[1]
,operaterId[null]
>
2017-11-17 15:19:17,486 INFO [com.lanxi.couponcode.impl.service.ShopServiceImpl] - <开始尝试添加添加门店操作记录
shopId[1]
,operaterId[null]
>
2017-11-17 15:19:17,664 INFO [com.lanxi.couponcode.impl.service.ShopServiceImpl] - <添加门店操作记录时发生异常
shopId[1]
,operaterId[null]
>
2017-11-17 15:19:17,666 INFO [com.lanxi.couponcode.impl.service.ShopServiceImpl] - <批量添加门店----获取到第[0]个sheet第[2]个门店信息+[Shop [shopId=931421468260032512, merchantId=1, shopName=蓝喜科技, createTime=20171117151917, merchantStatus=1, shopAddress=杭州, minuteShopAddress=null, shorStatus=1, servicetel=0395-888888]]开始尝试添加
shopId[1]
,operaterId[null]
>
2017-11-17 15:19:17,873 INFO [com.lanxi.couponcode.impl.service.ShopServiceImpl] - <开始尝试添加添加门店操作记录
shopId[1]
,operaterId[null]
>
2017-11-17 15:19:17,891 INFO [com.lanxi.couponcode.impl.service.ShopServiceImpl] - <添加门店操作记录时发生异常
shopId[1]
,operaterId[null]
>
2017-11-17 15:19:17,892 INFO [com.lanxi.couponcode.impl.service.ShopServiceImpl] - <第[0]个sheet的第[3]个门店客服电话为空>
2017-11-17 15:19:17,893 INFO [com.lanxi.couponcode.impl.service.ShopServiceImpl] - <批量添加门店----获取到第[0]个sheet第[3]个门店信息+[Shop [shopId=931421469220528128, merchantId=1, shopName=蓝喜喜, createTime=20171117151917, merchantStatus=1, shopAddress=杭州, minuteShopAddress=null, shorStatus=1, servicetel=null]]开始尝试添加
shopId[1]
,operaterId[null]
>
2017-11-17 15:19:18,052 INFO [com.lanxi.couponcode.impl.service.ShopServiceImpl] - <开始尝试添加添加门店操作记录
shopId[1]
,operaterId[null]
>
2017-11-17 15:19:18,064 INFO [com.lanxi.couponcode.impl.service.ShopServiceImpl] - <添加门店操作记录时发生异常
shopId[1]
,operaterId[null]
>
2017-11-17 15:19:18,067 INFO [com.alibaba.dubbo.config.AbstractConfig] - < [DUBBO] Run shutdown hook now., dubbo version: 2.5.3, current host: 127.0.0.1>
2017-11-17 15:19:18,072 INFO [com.alibaba.dubbo.registry.support.AbstractRegistryFactory] - < [DUBBO] Close all registries [], dubbo version: 2.5.3, current host: 127.0.0.1>
>>>>>>> d030d9523159e6e21ead44f87f39ef42eee642fc
