2017-11-08 09:52:09,082 DEBUG [org.springframework.test.context.TestContextManager] - <afterTestMethod(): instance [com.lanxi.couponcode.test.TestMybatis@8bd1b6a], method [public void com.lanxi.couponcode.test.TestMybatis.test4()], exception [null]>
2017-11-08 09:52:09,086 DEBUG [org.springframework.test.context.support.AbstractDirtiesContextTestExecutionListener] - <After test method: context [DefaultTestContext@4cc0edeb testClass = TestMybatis, testInstance = com.lanxi.couponcode.test.TestMybatis@8bd1b6a, testMethod = test4@TestMybatis, testException = [null], mergedContextConfiguration = [MergedContextConfiguration@457e2f02 testClass = TestMybatis, locations = '{classpath:xml/spring-mvc.xml}', classes = '{}', contextInitializerClasses = '[]', activeProfiles = '{}', propertySourceLocations = '{}', propertySourceProperties = '{}', contextLoader = 'org.springframework.test.context.support.DelegatingSmartContextLoader', parent = [null]]], class annotated with @DirtiesContext [false] with mode [null], method annotated with @DirtiesContext [false] with mode [null].>
2017-11-08 09:52:09,200 DEBUG [org.springframework.test.context.TestContextManager] - <afterTestClass(): class [com.lanxi.couponcode.test.TestMybatis]>
2017-11-08 09:52:09,200 DEBUG [org.springframework.test.context.support.AbstractDirtiesContextTestExecutionListener] - <After test class: context [DefaultTestContext@4cc0edeb testClass = TestMybatis, testInstance = [null], testMethod = [null], testException = [null], mergedContextConfiguration = [MergedContextConfiguration@457e2f02 testClass = TestMybatis, locations = '{classpath:xml/spring-mvc.xml}', classes = '{}', contextInitializerClasses = '[]', activeProfiles = '{}', propertySourceLocations = '{}', propertySourceProperties = '{}', contextLoader = 'org.springframework.test.context.support.DelegatingSmartContextLoader', parent = [null]]], class annotated with @DirtiesContext [false] with mode [null].>
2017-11-08 09:52:09,204 DEBUG [org.springframework.context.support.GenericApplicationContext] - <Publishing event in org.springframework.context.support.GenericApplicationContext@e25b2fe: org.springframework.context.event.ContextClosedEvent[source=org.springframework.context.support.GenericApplicationContext@e25b2fe: startup date [Wed Nov 08 09:52:05 CST 2017]; root of context hierarchy]>
2017-11-08 09:52:09,205 DEBUG [org.springframework.beans.factory.support.DefaultListableBeanFactory] - <Returning cached instance of singleton bean 'ssfb'>
2017-11-08 09:52:09,206 DEBUG [org.springframework.beans.factory.support.DefaultListableBeanFactory] - <Returning cached instance of singleton bean 'lifecycleProcessor'>
2017-11-08 09:52:09,206 DEBUG [org.springframework.beans.factory.support.DefaultListableBeanFactory] - <Destroying singletons in org.springframework.beans.factory.support.DefaultListableBeanFactory@708f5957: defining beans [mvcContentNegotiationManager,org.springframework.web.servlet.mvc.method.annotation.RequestMappingHandlerMapping,mvcCorsConfigurations,org.springframework.format.support.FormattingConversionServiceFactoryBean#0,org.springframework.web.servlet.mvc.method.annotation.RequestMappingHandlerAdapter,mvcUriComponentsContributor,org.springframework.web.servlet.handler.MappedInterceptor#0,org.springframework.web.servlet.mvc.method.annotation.ExceptionHandlerExceptionResolver#0,org.springframework.web.servlet.mvc.annotation.ResponseStatusExceptionResolver#0,org.springframework.web.servlet.mvc.support.DefaultHandlerExceptionResolver#0,org.springframework.web.servlet.handler.BeanNameUrlHandlerMapping,org.springframework.web.servlet.mvc.HttpRequestHandlerAdapter,org.springframework.web.servlet.mvc.SimpleControllerHandlerAdapter,org.springframework.aop.config.internalAutoProxyCreator,codeOperateRecordService,configService,couponCodeService,daoService,codeService,org.springframework.context.annotation.internalConfigurationAnnotationProcessor,org.springframework.context.annotation.internalAutowiredAnnotationProcessor,org.springframework.context.annotation.internalRequiredAnnotationProcessor,org.springframework.context.annotation.internalCommonAnnotationProcessor,org.springframework.context.event.internalEventListenerProcessor,org.springframework.context.event.internalEventListenerFactory,consume-loan,com.alibaba.dubbo.config.RegistryConfig,SmsService,redisService,org.springframework.transaction.config.internalTransactionalEventListenerFactory,org.springframework.transaction.annotation.AnnotationTransactionAttributeSource#0,org.springframework.transaction.interceptor.TransactionInterceptor#0,org.springframework.transaction.config.internalTransactionAdvisor,dbconfig,ds,globalConfig,ssfb,txManager,mappers,org.springframework.context.annotation.ConfigurationClassPostProcessor.importAwareProcessor,org.springframework.context.annotation.ConfigurationClassPostProcessor.enhancedConfigurationProcessor,accountDao,bankApiDao,codeAlgorithmDao,commodityDao,couponCodeDao,enterpriseDao,merchantClearDao,merchantDao,messageDao,messageObserverDao,operateRecordDao,orderDao,recordDao,requestDao,shopDao,statisticDao,subOrderDao,userDao,verificationRecordDao]; root of factory hierarchy>
2017-11-08 09:52:09,209 DEBUG [org.springframework.beans.factory.support.DefaultListableBeanFactory] - <Retrieved dependent beans for bean 'codeOperateRecordService': [com.lanxi.couponcode.test.TestMybatis]>
2017-11-08 09:52:09,209 DEBUG [org.springframework.beans.factory.support.DefaultListableBeanFactory] - <Retrieved dependent beans for bean 'paginationInterceptor': [ssfb]>
2017-11-08 09:52:09,210 DEBUG [org.springframework.beans.factory.support.DefaultListableBeanFactory] - <Retrieved dependent beans for bean '(inner bean)#436c81a3#2': [org.springframework.web.servlet.mvc.method.annotation.ExceptionHandlerExceptionResolver#0]>
2017-11-08 09:52:09,211 DEBUG [org.springframework.beans.factory.support.DefaultListableBeanFactory] - <Retrieved dependent beans for bean '(inner bean)#67d18ed7': [mvcUriComponentsContributor]>
2017-11-08 09:52:09,211 DEBUG [org.springframework.beans.factory.support.DefaultListableBeanFactory] - <Retrieved dependent beans for bean '(inner bean)#41294f8#1': [(inner bean)#67d18ed7]>
2017-11-08 09:52:09,211 DEBUG [org.springframework.beans.factory.support.DefaultListableBeanFactory] - <Retrieved dependent beans for bean '(inner bean)#41294f8': [org.springframework.web.servlet.mvc.method.annotation.RequestMappingHandlerAdapter]>
2017-11-08 09:52:09,211 DEBUG [org.springframework.beans.factory.support.DisposableBeanAdapter] - <Invoking destroy() on bean with name 'redisService'>
2017-11-08 09:52:09,211 DEBUG [org.springframework.beans.factory.support.DisposableBeanAdapter] - <Invoking destroy() on bean with name 'SmsService'>
2017-11-08 09:52:09,211 DEBUG [org.springframework.beans.factory.support.DefaultListableBeanFactory] - <Retrieved dependent beans for bean '(inner bean)#550dbc7a': [org.springframework.web.servlet.handler.MappedInterceptor#0]>
2017-11-08 17:41:56,745 DEBUG [org.springframework.beans.factory.support.DefaultListableBeanFactory] - <Returning cached instance of singleton bean 'merchantService'>
2017-11-08 17:43:01,609 DEBUG [org.springframework.beans.factory.support.DefaultListableBeanFactory] - <Returning cached instance of singleton bean 'merchantService'>
2017-11-08 17:43:01,881 DEBUG [org.mybatis.spring.SqlSessionUtils] - <Creating a new SqlSession>
2017-11-08 17:43:01,888 DEBUG [org.mybatis.spring.SqlSessionUtils] - <SqlSession [org.apache.ibatis.session.defaults.DefaultSqlSession@741b3bc3] was not registered for synchronization because synchronization is not active>
2017-11-08 17:43:02,007 DEBUG [org.springframework.jdbc.datasource.DataSourceUtils] - <Fetching JDBC Connection from DataSource>
2017-11-08 17:43:02,020 DEBUG [org.mybatis.spring.transaction.SpringManagedTransaction] - <JDBC Connection [jdbc:mysql://192.168.17.62:3306/couponcode?autoReconnect=true, UserName=yyj@192.168.17.64, MySQL Connector Java] will not be managed by Spring>
2017-11-08 17:43:02,035 DEBUG [com.lanxi.couponcode.impl.dao.MerchantDao.insert] - <==>  Preparing: INSERT INTO merchants ( merchant_id, merchant_name, create_time, workaddress, minute_workaddress ) VALUES ( ?, ?, ?, ?, ? ) >
2017-11-08 17:43:02,079 DEBUG [com.lanxi.couponcode.impl.dao.MerchantDao.insert] - <==> Parameters: 928196149310840832(Long), 123(String), 20171108054301(String), 杭州(String), 蓝喜(String)>
2017-11-08 17:43:02,315 DEBUG [com.lanxi.couponcode.impl.dao.MerchantDao.insert] - <<==    Updates: 1>
2017-11-08 17:43:02,315 DEBUG [org.mybatis.spring.SqlSessionUtils] - <Closing non transactional SqlSession [org.apache.ibatis.session.defaults.DefaultSqlSession@741b3bc3]>
2017-11-08 17:43:02,315 DEBUG [org.springframework.jdbc.datasource.DataSourceUtils] - <Returning JDBC Connection to DataSource>
2017-11-08 17:44:17,217 DEBUG [org.springframework.beans.factory.support.DefaultListableBeanFactory] - <Returning cached instance of singleton bean 'merchantService'>
2017-11-08 17:44:17,459 DEBUG [org.mybatis.spring.SqlSessionUtils] - <Creating a new SqlSession>
2017-11-08 17:44:17,467 DEBUG [org.mybatis.spring.SqlSessionUtils] - <SqlSession [org.apache.ibatis.session.defaults.DefaultSqlSession@2ed3b1f5] was not registered for synchronization because synchronization is not active>
2017-11-08 17:44:17,577 DEBUG [org.springframework.jdbc.datasource.DataSourceUtils] - <Fetching JDBC Connection from DataSource>
2017-11-08 17:44:17,580 DEBUG [org.mybatis.spring.transaction.SpringManagedTransaction] - <JDBC Connection [jdbc:mysql://192.168.17.62:3306/couponcode?autoReconnect=true, UserName=yyj@192.168.17.64, MySQL Connector Java] will not be managed by Spring>
2017-11-08 17:44:17,599 DEBUG [com.lanxi.couponcode.impl.dao.MerchantDao.insert] - <==>  Preparing: INSERT INTO merchants ( merchant_id, merchant_name, create_time, workaddress, minute_workaddress ) VALUES ( ?, ?, ?, ?, ? ) >
2017-11-08 17:44:17,644 DEBUG [com.lanxi.couponcode.impl.dao.MerchantDao.insert] - <==> Parameters: 928196466400288768(Long), 123(String), 20171108054417(String), 杭州(String), 蓝喜(String)>
2017-11-08 17:44:17,786 DEBUG [com.lanxi.couponcode.impl.dao.MerchantDao.insert] - <<==    Updates: 1>
2017-11-08 17:44:17,786 DEBUG [org.mybatis.spring.SqlSessionUtils] - <Closing non transactional SqlSession [org.apache.ibatis.session.defaults.DefaultSqlSession@2ed3b1f5]>
2017-11-08 17:44:17,786 DEBUG [org.springframework.jdbc.datasource.DataSourceUtils] - <Returning JDBC Connection to DataSource>
2017-11-08 17:45:43,002 DEBUG [org.springframework.beans.factory.support.DefaultListableBeanFactory] - <Returning cached instance of singleton bean 'merchantService'>
2017-11-08 17:45:43,280 DEBUG [org.mybatis.spring.SqlSessionUtils] - <Creating a new SqlSession>
2017-11-08 17:45:43,288 DEBUG [org.mybatis.spring.SqlSessionUtils] - <SqlSession [org.apache.ibatis.session.defaults.DefaultSqlSession@68d6972f] was not registered for synchronization because synchronization is not active>
2017-11-08 17:45:43,428 DEBUG [org.springframework.jdbc.datasource.DataSourceUtils] - <Fetching JDBC Connection from DataSource>
2017-11-08 17:45:43,436 DEBUG [org.mybatis.spring.transaction.SpringManagedTransaction] - <JDBC Connection [jdbc:mysql://192.168.17.62:3306/couponcode?autoReconnect=true, UserName=yyj@192.168.17.64, MySQL Connector Java] will not be managed by Spring>
2017-11-08 17:45:43,457 DEBUG [com.lanxi.couponcode.impl.dao.MerchantDao.insert] - <==>  Preparing: INSERT INTO merchants ( merchant_id, merchant_name, create_time, workaddress, minute_workaddress ) VALUES ( ?, ?, ?, ?, ? ) >
2017-11-08 17:45:43,501 DEBUG [com.lanxi.couponcode.impl.dao.MerchantDao.insert] - <==> Parameters: 928196826263068672(Long), 123(String), 20171108054543(String), 杭州(String), 蓝喜(String)>
2017-11-08 17:45:43,668 DEBUG [com.lanxi.couponcode.impl.dao.MerchantDao.insert] - <<==    Updates: 1>
2017-11-08 17:45:43,668 DEBUG [org.mybatis.spring.SqlSessionUtils] - <Closing non transactional SqlSession [org.apache.ibatis.session.defaults.DefaultSqlSession@68d6972f]>
2017-11-08 17:45:43,668 DEBUG [org.springframework.jdbc.datasource.DataSourceUtils] - <Returning JDBC Connection to DataSource>
2017-11-08 17:45:43,674 DEBUG [org.springframework.jdbc.datasource.DataSourceUtils] - <Fetching JDBC Connection from DataSource>
2017-11-08 17:45:43,676 DEBUG [org.mybatis.spring.transaction.SpringManagedTransaction] - <JDBC Connection [jdbc:mysql://192.168.17.62:3306/couponcode?autoReconnect=true, UserName=yyj@192.168.17.64, MySQL Connector Java] will not be managed by Spring>
2017-11-08 17:45:43,677 DEBUG [com.lanxi.couponcode.impl.dao.OperateRecordDao.insert] - <==>  Preparing: INSERT INTO operate_record ( record_id, operater_id, operater_phone, target_type, description, operate_time, operate_result, operater_info, target_info ) VALUES ( ?, ?, ?, ?, ?, ?, ?, ?, ? ) >
2017-11-08 17:45:43,678 DEBUG [com.lanxi.couponcode.impl.dao.OperateRecordDao.insert] - <==> Parameters: 928196826263068673(Long), 1(Long), 1(String), 7(String), 添加商户(String), 20171108174543(String), 成功(String), 1(String), {"createTime":"20171108054543","merchantId":928196826263068672,"merchantName":"123","minuteWorkAddress":"蓝喜","workAddress":"杭州"}(String)>
2017-11-08 17:45:43,752 DEBUG [com.lanxi.couponcode.impl.dao.OperateRecordDao.insert] - <<==    Updates: 1>
2017-11-08 17:45:43,753 DEBUG [org.springframework.jdbc.datasource.DataSourceUtils] - <Returning JDBC Connection to DataSource>
