2017-11-15 15:14:46,100 DEBUG [org.springframework.beans.factory.support.DefaultListableBeanFactory] - <Returning cached instance of singleton bean 'loginService'>
2017-11-15 15:14:46,125 DEBUG [org.mybatis.spring.SqlSessionUtils] - <Creating a new SqlSession>
2017-11-15 15:14:46,135 DEBUG [org.mybatis.spring.SqlSessionUtils] - <SqlSession [org.apache.ibatis.session.defaults.DefaultSqlSession@366ef90e] was not registered for synchronization because synchronization is not active>
2017-11-15 15:14:46,300 DEBUG [org.springframework.jdbc.datasource.DataSourceUtils] - <Fetching JDBC Connection from DataSource>
2017-11-15 15:14:46,303 DEBUG [org.mybatis.spring.transaction.SpringManagedTransaction] - <JDBC Connection [jdbc:mysql://192.168.17.62:3306/couponcode?autoReconnect=true, UserName=yyj@192.168.17.64, MySQL Connector Java] will not be managed by Spring>
2017-11-15 15:14:46,314 DEBUG [com.lanxi.couponcode.impl.dao.AccountDao.selectOne] - <==>  Preparing: SELECT account_id AS accountId,phone,`password`,user_name AS userName,`status`,merchant_id AS merchantId,merchant_name AS merchantName,shop_id AS shopId,shop_name AS shopName,add_by_id AS addById,add_by_name AS addByName,add_time AS addTime,requester_id AS requesterId,requester_name AS requesterName,request_id AS requestId,request_time AS requestTime,account_type AS accountType,check_by_id AS checkById,check_name AS checkName,check_time AS checkTime,remark FROM account WHERE phone=? >
2017-11-15 15:14:46,354 DEBUG [com.lanxi.couponcode.impl.dao.AccountDao.selectOne] - <==> Parameters: 13165978091(String)>
2017-11-15 15:14:46,417 DEBUG [com.lanxi.couponcode.impl.dao.AccountDao.selectOne] - <<==      Total: 1>
2017-11-15 15:14:46,418 DEBUG [org.mybatis.spring.SqlSessionUtils] - <Closing non transactional SqlSession [org.apache.ibatis.session.defaults.DefaultSqlSession@366ef90e]>
2017-11-15 15:14:46,418 DEBUG [org.springframework.jdbc.datasource.DataSourceUtils] - <Returning JDBC Connection to DataSource>
2017-11-15 17:13:20,543 DEBUG [org.springframework.beans.factory.support.DefaultListableBeanFactory] - <Returning cached instance of singleton bean 'loginService'>
2017-11-15 17:14:19,182 DEBUG [org.springframework.beans.factory.support.DefaultListableBeanFactory] - <Returning cached instance of singleton bean 'loginService'>
2017-11-15 17:16:49,964 DEBUG [org.springframework.beans.factory.support.DefaultListableBeanFactory] - <Returning cached instance of singleton bean 'loginService'>
2017-11-15 17:16:49,982 DEBUG [org.mybatis.spring.SqlSessionUtils] - <Creating a new SqlSession>
2017-11-15 17:16:49,990 DEBUG [org.mybatis.spring.SqlSessionUtils] - <SqlSession [org.apache.ibatis.session.defaults.DefaultSqlSession@21aa6d6c] was not registered for synchronization because synchronization is not active>
2017-11-15 17:16:50,160 DEBUG [org.springframework.jdbc.datasource.DataSourceUtils] - <Fetching JDBC Connection from DataSource>
2017-11-15 17:16:50,165 DEBUG [org.mybatis.spring.transaction.SpringManagedTransaction] - <JDBC Connection [jdbc:mysql://192.168.17.62:3306/couponcode?autoReconnect=true, UserName=yyj@192.168.17.64, MySQL Connector Java] will not be managed by Spring>
2017-11-15 17:16:50,188 DEBUG [com.lanxi.couponcode.impl.dao.AccountDao.selectOne] - <==>  Preparing: SELECT account_id AS accountId,login_failure_num AS loginFailureNum,login_failure_time AS loginFailureTime,phone,`password`,user_name AS userName,`status`,merchant_id AS merchantId,merchant_name AS merchantName,shop_id AS shopId,shop_name AS shopName,add_by_id AS addById,add_by_name AS addByName,add_time AS addTime,requester_id AS requesterId,requester_name AS requesterName,request_id AS requestId,request_time AS requestTime,account_type AS accountType,check_by_id AS checkById,check_name AS checkName,check_time AS checkTime,remark FROM account WHERE phone=? >
2017-11-15 17:16:50,229 DEBUG [com.lanxi.couponcode.impl.dao.AccountDao.selectOne] - <==> Parameters: 13165978091(String)>
2017-11-15 17:16:50,259 DEBUG [com.lanxi.couponcode.impl.dao.AccountDao.selectOne] - <<==      Total: 1>
2017-11-15 17:16:50,260 DEBUG [org.mybatis.spring.SqlSessionUtils] - <Closing non transactional SqlSession [org.apache.ibatis.session.defaults.DefaultSqlSession@21aa6d6c]>
2017-11-15 17:16:50,260 DEBUG [org.springframework.jdbc.datasource.DataSourceUtils] - <Returning JDBC Connection to DataSource>
2017-11-15 17:18:21,255 DEBUG [org.springframework.beans.factory.support.DefaultListableBeanFactory] - <Returning cached instance of singleton bean 'loginService'>
2017-11-15 17:18:21,270 DEBUG [org.mybatis.spring.SqlSessionUtils] - <Creating a new SqlSession>
2017-11-15 17:18:21,279 DEBUG [org.mybatis.spring.SqlSessionUtils] - <SqlSession [org.apache.ibatis.session.defaults.DefaultSqlSession@21aa6d6c] was not registered for synchronization because synchronization is not active>
2017-11-15 17:18:21,444 DEBUG [org.springframework.jdbc.datasource.DataSourceUtils] - <Fetching JDBC Connection from DataSource>
2017-11-15 17:18:21,447 DEBUG [org.mybatis.spring.transaction.SpringManagedTransaction] - <JDBC Connection [jdbc:mysql://192.168.17.62:3306/couponcode?autoReconnect=true, UserName=yyj@192.168.17.64, MySQL Connector Java] will not be managed by Spring>
2017-11-15 17:18:21,457 DEBUG [com.lanxi.couponcode.impl.dao.AccountDao.selectOne] - <==>  Preparing: SELECT account_id AS accountId,login_failure_num AS loginFailureNum,login_failure_time AS loginFailureTime,phone,`password`,user_name AS userName,`status`,merchant_id AS merchantId,merchant_name AS merchantName,shop_id AS shopId,shop_name AS shopName,add_by_id AS addById,add_by_name AS addByName,add_time AS addTime,requester_id AS requesterId,requester_name AS requesterName,request_id AS requestId,request_time AS requestTime,account_type AS accountType,check_by_id AS checkById,check_name AS checkName,check_time AS checkTime,remark FROM account WHERE phone=? >
2017-11-15 17:18:21,499 DEBUG [com.lanxi.couponcode.impl.dao.AccountDao.selectOne] - <==> Parameters: 13165978091(String)>
2017-11-15 17:18:21,527 DEBUG [com.lanxi.couponcode.impl.dao.AccountDao.selectOne] - <<==      Total: 1>
2017-11-15 17:18:21,528 DEBUG [org.mybatis.spring.SqlSessionUtils] - <Closing non transactional SqlSession [org.apache.ibatis.session.defaults.DefaultSqlSession@21aa6d6c]>
2017-11-15 17:18:21,528 DEBUG [org.springframework.jdbc.datasource.DataSourceUtils] - <Returning JDBC Connection to DataSource>
2017-11-15 17:20:35,599 DEBUG [org.springframework.beans.factory.support.DefaultListableBeanFactory] - <Returning cached instance of singleton bean 'loginService'>
2017-11-15 17:20:35,619 DEBUG [org.mybatis.spring.SqlSessionUtils] - <Creating a new SqlSession>
2017-11-15 17:20:35,627 DEBUG [org.mybatis.spring.SqlSessionUtils] - <SqlSession [org.apache.ibatis.session.defaults.DefaultSqlSession@366ef90e] was not registered for synchronization because synchronization is not active>
2017-11-15 17:20:35,780 DEBUG [org.springframework.jdbc.datasource.DataSourceUtils] - <Fetching JDBC Connection from DataSource>
2017-11-15 17:20:35,783 DEBUG [org.mybatis.spring.transaction.SpringManagedTransaction] - <JDBC Connection [jdbc:mysql://192.168.17.62:3306/couponcode?autoReconnect=true, UserName=yyj@192.168.17.64, MySQL Connector Java] will not be managed by Spring>
2017-11-15 17:20:35,792 DEBUG [com.lanxi.couponcode.impl.dao.AccountDao.selectOne] - <==>  Preparing: SELECT account_id AS accountId,login_failure_num AS loginFailureNum,login_failure_time AS loginFailureTime,phone,`password`,user_name AS userName,`status`,merchant_id AS merchantId,merchant_name AS merchantName,shop_id AS shopId,shop_name AS shopName,add_by_id AS addById,add_by_name AS addByName,add_time AS addTime,requester_id AS requesterId,requester_name AS requesterName,request_id AS requestId,request_time AS requestTime,account_type AS accountType,check_by_id AS checkById,check_name AS checkName,check_time AS checkTime,remark FROM account WHERE phone=? >
2017-11-15 17:20:35,834 DEBUG [com.lanxi.couponcode.impl.dao.AccountDao.selectOne] - <==> Parameters: 13165978091(String)>
2017-11-15 17:20:35,869 DEBUG [com.lanxi.couponcode.impl.dao.AccountDao.selectOne] - <<==      Total: 1>
2017-11-15 17:20:35,870 DEBUG [org.mybatis.spring.SqlSessionUtils] - <Closing non transactional SqlSession [org.apache.ibatis.session.defaults.DefaultSqlSession@366ef90e]>
2017-11-15 17:20:35,870 DEBUG [org.springframework.jdbc.datasource.DataSourceUtils] - <Returning JDBC Connection to DataSource>
2017-11-15 17:20:35,871 DEBUG [com.lanxi.couponcode.impl.service.LoginServiceImpl] - <已被删除的账户
phone[13165978091]
,password[123456789]
,validateCode[a]
>
2017-11-15 17:21:13,433 DEBUG [org.springframework.beans.factory.support.DefaultListableBeanFactory] - <Returning cached instance of singleton bean 'loginService'>
2017-11-15 17:21:13,451 DEBUG [org.mybatis.spring.SqlSessionUtils] - <Creating a new SqlSession>
2017-11-15 17:21:13,461 DEBUG [org.mybatis.spring.SqlSessionUtils] - <SqlSession [org.apache.ibatis.session.defaults.DefaultSqlSession@366ef90e] was not registered for synchronization because synchronization is not active>
2017-11-15 17:21:13,648 DEBUG [org.springframework.jdbc.datasource.DataSourceUtils] - <Fetching JDBC Connection from DataSource>
2017-11-15 17:21:13,652 DEBUG [org.mybatis.spring.transaction.SpringManagedTransaction] - <JDBC Connection [jdbc:mysql://192.168.17.62:3306/couponcode?autoReconnect=true, UserName=yyj@192.168.17.64, MySQL Connector Java] will not be managed by Spring>
2017-11-15 17:21:13,667 DEBUG [com.lanxi.couponcode.impl.dao.AccountDao.selectOne] - <==>  Preparing: SELECT account_id AS accountId,login_failure_num AS loginFailureNum,login_failure_time AS loginFailureTime,phone,`password`,user_name AS userName,`status`,merchant_id AS merchantId,merchant_name AS merchantName,shop_id AS shopId,shop_name AS shopName,add_by_id AS addById,add_by_name AS addByName,add_time AS addTime,requester_id AS requesterId,requester_name AS requesterName,request_id AS requestId,request_time AS requestTime,account_type AS accountType,check_by_id AS checkById,check_name AS checkName,check_time AS checkTime,remark FROM account WHERE phone=? >
2017-11-15 17:21:13,712 DEBUG [com.lanxi.couponcode.impl.dao.AccountDao.selectOne] - <==> Parameters: 13165978091(String)>
2017-11-15 17:21:13,745 DEBUG [com.lanxi.couponcode.impl.dao.AccountDao.selectOne] - <<==      Total: 1>
2017-11-15 17:21:13,746 DEBUG [org.mybatis.spring.SqlSessionUtils] - <Closing non transactional SqlSession [org.apache.ibatis.session.defaults.DefaultSqlSession@366ef90e]>
2017-11-15 17:21:13,746 DEBUG [org.springframework.jdbc.datasource.DataSourceUtils] - <Returning JDBC Connection to DataSource>
2017-11-15 17:21:13,748 DEBUG [com.lanxi.couponcode.impl.service.LoginServiceImpl] - <登录成功
phone[13165978091]
,password[123456789]
,validateCode[a]
>
2017-11-15 17:21:14,071 DEBUG [org.mybatis.spring.SqlSessionUtils] - <Creating a new SqlSession>
2017-11-15 17:21:14,072 DEBUG [org.mybatis.spring.SqlSessionUtils] - <SqlSession [org.apache.ibatis.session.defaults.DefaultSqlSession@62417a16] was not registered for synchronization because synchronization is not active>
2017-11-15 17:21:14,077 DEBUG [org.springframework.jdbc.datasource.DataSourceUtils] - <Fetching JDBC Connection from DataSource>
2017-11-15 17:21:14,080 DEBUG [org.mybatis.spring.transaction.SpringManagedTransaction] - <JDBC Connection [jdbc:mysql://192.168.17.62:3306/couponcode?autoReconnect=true, UserName=yyj@192.168.17.64, MySQL Connector Java] will not be managed by Spring>
2017-11-15 17:21:14,081 DEBUG [com.lanxi.couponcode.impl.dao.AccountDao.updateById] - <==>  Preparing: UPDATE account SET login_failure_num=?, login_failure_time=?, phone=? WHERE account_id=? >
2017-11-15 17:21:14,082 DEBUG [com.lanxi.couponcode.impl.dao.AccountDao.updateById] - <==> Parameters: 0(Integer), 20171114033028(String), 13165978091(String), 930337119628374016(Long)>
2017-11-15 17:21:14,090 DEBUG [com.lanxi.couponcode.impl.dao.AccountDao.updateById] - <<==    Updates: 1>
2017-11-15 17:21:14,090 DEBUG [org.mybatis.spring.SqlSessionUtils] - <Closing non transactional SqlSession [org.apache.ibatis.session.defaults.DefaultSqlSession@62417a16]>
2017-11-15 17:21:14,090 DEBUG [org.springframework.jdbc.datasource.DataSourceUtils] - <Returning JDBC Connection to DataSource>
2017-11-15 17:21:14,096 DEBUG [org.springframework.jdbc.datasource.DataSourceUtils] - <Fetching JDBC Connection from DataSource>
2017-11-15 17:21:14,101 DEBUG [org.mybatis.spring.transaction.SpringManagedTransaction] - <JDBC Connection [jdbc:mysql://192.168.17.62:3306/couponcode?autoReconnect=true, UserName=yyj@192.168.17.64, MySQL Connector Java] will not be managed by Spring>
2017-11-15 17:21:14,102 DEBUG [com.lanxi.couponcode.impl.dao.OperateRecordDao.insert] - <==>  Preparing: INSERT INTO operate_record ( record_id, operater_phone, target_type, description, operate_time, target_info ) VALUES ( ?, ?, ?, ?, ?, ? ) >
2017-11-15 17:21:14,104 DEBUG [com.lanxi.couponcode.impl.dao.OperateRecordDao.insert] - <==> Parameters: 930727379084402688(Long), 13165978091(String), 7(String), 账户登录(String), 20171115172113(String), {"accountId":930337119628374016,"accountType":"1","addTime":"20171114033028","loginFailureNum":0,"loginFailureTime":"20171114033028","merchantId":1,"merchantName":"bb","password":"123456789","phone":"13165978091","requesterId":1,"status":"1","userName":"aa"}(String)>
2017-11-15 17:21:14,118 DEBUG [com.lanxi.couponcode.impl.dao.OperateRecordDao.insert] - <<==    Updates: 1>
2017-11-15 17:21:14,119 DEBUG [org.springframework.jdbc.datasource.DataSourceUtils] - <Returning JDBC Connection to DataSource>
2017-11-15 17:21:53,961 DEBUG [org.springframework.beans.factory.support.DefaultListableBeanFactory] - <Returning cached instance of singleton bean 'loginService'>
2017-11-15 17:21:53,979 DEBUG [org.mybatis.spring.SqlSessionUtils] - <Creating a new SqlSession>
2017-11-15 17:21:53,988 DEBUG [org.mybatis.spring.SqlSessionUtils] - <SqlSession [org.apache.ibatis.session.defaults.DefaultSqlSession@21aa6d6c] was not registered for synchronization because synchronization is not active>
2017-11-15 17:21:54,160 DEBUG [org.springframework.jdbc.datasource.DataSourceUtils] - <Fetching JDBC Connection from DataSource>
2017-11-15 17:21:54,163 DEBUG [org.mybatis.spring.transaction.SpringManagedTransaction] - <JDBC Connection [jdbc:mysql://192.168.17.62:3306/couponcode?autoReconnect=true, UserName=yyj@192.168.17.64, MySQL Connector Java] will not be managed by Spring>
2017-11-15 17:21:54,174 DEBUG [com.lanxi.couponcode.impl.dao.AccountDao.selectOne] - <==>  Preparing: SELECT account_id AS accountId,login_failure_num AS loginFailureNum,login_failure_time AS loginFailureTime,phone,`password`,user_name AS userName,`status`,merchant_id AS merchantId,merchant_name AS merchantName,shop_id AS shopId,shop_name AS shopName,add_by_id AS addById,add_by_name AS addByName,add_time AS addTime,requester_id AS requesterId,requester_name AS requesterName,request_id AS requestId,request_time AS requestTime,account_type AS accountType,check_by_id AS checkById,check_name AS checkName,check_time AS checkTime,remark FROM account WHERE phone=? >
2017-11-15 17:21:54,219 DEBUG [com.lanxi.couponcode.impl.dao.AccountDao.selectOne] - <==> Parameters: 13165978091(String)>
2017-11-15 17:21:54,241 DEBUG [com.lanxi.couponcode.impl.dao.AccountDao.selectOne] - <<==      Total: 1>
2017-11-15 17:21:54,242 DEBUG [org.mybatis.spring.SqlSessionUtils] - <Closing non transactional SqlSession [org.apache.ibatis.session.defaults.DefaultSqlSession@21aa6d6c]>
2017-11-15 17:21:54,242 DEBUG [org.springframework.jdbc.datasource.DataSourceUtils] - <Returning JDBC Connection to DataSource>
2017-11-15 17:21:54,244 DEBUG [com.lanxi.couponcode.impl.service.LoginServiceImpl] - <登录失败把失败登录次数+1和失败登录时间更新>
2017-11-15 17:21:54,247 DEBUG [org.mybatis.spring.SqlSessionUtils] - <Creating a new SqlSession>
2017-11-15 17:21:54,247 DEBUG [org.mybatis.spring.SqlSessionUtils] - <SqlSession [org.apache.ibatis.session.defaults.DefaultSqlSession@6c67e137] was not registered for synchronization because synchronization is not active>
2017-11-15 17:21:54,252 DEBUG [org.springframework.jdbc.datasource.DataSourceUtils] - <Fetching JDBC Connection from DataSource>
2017-11-15 17:21:54,255 DEBUG [org.mybatis.spring.transaction.SpringManagedTransaction] - <JDBC Connection [jdbc:mysql://192.168.17.62:3306/couponcode?autoReconnect=true, UserName=yyj@192.168.17.64, MySQL Connector Java] will not be managed by Spring>
2017-11-15 17:21:54,256 DEBUG [com.lanxi.couponcode.impl.dao.AccountDao.updateById] - <==>  Preparing: UPDATE account SET login_failure_num=?, login_failure_time=?, phone=? WHERE account_id=? >
2017-11-15 17:21:54,257 DEBUG [com.lanxi.couponcode.impl.dao.AccountDao.updateById] - <==> Parameters: 1(Integer), 20171115052154(String), 13165978091(String), 930337119628374016(Long)>
2017-11-15 17:21:54,264 DEBUG [com.lanxi.couponcode.impl.dao.AccountDao.updateById] - <<==    Updates: 1>
2017-11-15 17:21:54,264 DEBUG [org.mybatis.spring.SqlSessionUtils] - <Closing non transactional SqlSession [org.apache.ibatis.session.defaults.DefaultSqlSession@6c67e137]>
2017-11-15 17:21:54,264 DEBUG [org.springframework.jdbc.datasource.DataSourceUtils] - <Returning JDBC Connection to DataSource>
2017-11-15 17:21:54,265 DEBUG [com.lanxi.couponcode.impl.service.LoginServiceImpl] - <账号或密码错误
phone[13165978091]
,password[12345679]
,validateCode[a]
>
2017-11-15 17:22:31,900 DEBUG [org.springframework.beans.factory.support.DefaultListableBeanFactory] - <Returning cached instance of singleton bean 'loginService'>
2017-11-15 17:22:31,914 DEBUG [org.mybatis.spring.SqlSessionUtils] - <Creating a new SqlSession>
2017-11-15 17:22:31,921 DEBUG [org.mybatis.spring.SqlSessionUtils] - <SqlSession [org.apache.ibatis.session.defaults.DefaultSqlSession@366ef90e] was not registered for synchronization because synchronization is not active>
2017-11-15 17:22:32,084 DEBUG [org.springframework.jdbc.datasource.DataSourceUtils] - <Fetching JDBC Connection from DataSource>
2017-11-15 17:22:32,088 DEBUG [org.mybatis.spring.transaction.SpringManagedTransaction] - <JDBC Connection [jdbc:mysql://192.168.17.62:3306/couponcode?autoReconnect=true, UserName=yyj@192.168.17.64, MySQL Connector Java] will not be managed by Spring>
2017-11-15 17:22:32,104 DEBUG [com.lanxi.couponcode.impl.dao.AccountDao.selectOne] - <==>  Preparing: SELECT account_id AS accountId,login_failure_num AS loginFailureNum,login_failure_time AS loginFailureTime,phone,`password`,user_name AS userName,`status`,merchant_id AS merchantId,merchant_name AS merchantName,shop_id AS shopId,shop_name AS shopName,add_by_id AS addById,add_by_name AS addByName,add_time AS addTime,requester_id AS requesterId,requester_name AS requesterName,request_id AS requestId,request_time AS requestTime,account_type AS accountType,check_by_id AS checkById,check_name AS checkName,check_time AS checkTime,remark FROM account WHERE phone=? >
2017-11-15 17:22:32,147 DEBUG [com.lanxi.couponcode.impl.dao.AccountDao.selectOne] - <==> Parameters: 13165978091(String)>
2017-11-15 17:22:32,180 DEBUG [com.lanxi.couponcode.impl.dao.AccountDao.selectOne] - <<==      Total: 1>
2017-11-15 17:22:32,181 DEBUG [org.mybatis.spring.SqlSessionUtils] - <Closing non transactional SqlSession [org.apache.ibatis.session.defaults.DefaultSqlSession@366ef90e]>
2017-11-15 17:22:32,181 DEBUG [org.springframework.jdbc.datasource.DataSourceUtils] - <Returning JDBC Connection to DataSource>
2017-11-15 17:22:32,182 DEBUG [com.lanxi.couponcode.impl.service.LoginServiceImpl] - <登录失败把失败登录次数+1和失败登录时间更新>
2017-11-15 17:22:32,187 DEBUG [org.mybatis.spring.SqlSessionUtils] - <Creating a new SqlSession>
2017-11-15 17:22:32,187 DEBUG [org.mybatis.spring.SqlSessionUtils] - <SqlSession [org.apache.ibatis.session.defaults.DefaultSqlSession@26fb628] was not registered for synchronization because synchronization is not active>
2017-11-15 17:22:32,193 DEBUG [org.springframework.jdbc.datasource.DataSourceUtils] - <Fetching JDBC Connection from DataSource>
2017-11-15 17:22:32,198 DEBUG [org.mybatis.spring.transaction.SpringManagedTransaction] - <JDBC Connection [jdbc:mysql://192.168.17.62:3306/couponcode?autoReconnect=true, UserName=yyj@192.168.17.64, MySQL Connector Java] will not be managed by Spring>
2017-11-15 17:22:32,199 DEBUG [com.lanxi.couponcode.impl.dao.AccountDao.updateById] - <==>  Preparing: UPDATE account SET login_failure_num=?, login_failure_time=?, phone=? WHERE account_id=? >
2017-11-15 17:22:32,199 DEBUG [com.lanxi.couponcode.impl.dao.AccountDao.updateById] - <==> Parameters: 2(Integer), 20171115052232(String), 13165978091(String), 930337119628374016(Long)>
2017-11-15 17:22:32,208 DEBUG [com.lanxi.couponcode.impl.dao.AccountDao.updateById] - <<==    Updates: 1>
2017-11-15 17:22:32,210 DEBUG [org.mybatis.spring.SqlSessionUtils] - <Closing non transactional SqlSession [org.apache.ibatis.session.defaults.DefaultSqlSession@26fb628]>
2017-11-15 17:22:32,210 DEBUG [org.springframework.jdbc.datasource.DataSourceUtils] - <Returning JDBC Connection to DataSource>
2017-11-15 17:22:32,211 DEBUG [com.lanxi.couponcode.impl.service.LoginServiceImpl] - <账号或密码错误
phone[13165978091]
,password[12345679]
,validateCode[a]
>
2017-11-15 17:22:57,118 DEBUG [org.springframework.beans.factory.support.DefaultListableBeanFactory] - <Returning cached instance of singleton bean 'loginService'>
2017-11-15 17:22:57,136 DEBUG [org.mybatis.spring.SqlSessionUtils] - <Creating a new SqlSession>
2017-11-15 17:22:57,147 DEBUG [org.mybatis.spring.SqlSessionUtils] - <SqlSession [org.apache.ibatis.session.defaults.DefaultSqlSession@3f446bef] was not registered for synchronization because synchronization is not active>
2017-11-15 17:22:57,307 DEBUG [org.springframework.jdbc.datasource.DataSourceUtils] - <Fetching JDBC Connection from DataSource>
2017-11-15 17:22:57,311 DEBUG [org.mybatis.spring.transaction.SpringManagedTransaction] - <JDBC Connection [jdbc:mysql://192.168.17.62:3306/couponcode?autoReconnect=true, UserName=yyj@192.168.17.64, MySQL Connector Java] will not be managed by Spring>
2017-11-15 17:22:57,320 DEBUG [com.lanxi.couponcode.impl.dao.AccountDao.selectOne] - <==>  Preparing: SELECT account_id AS accountId,login_failure_num AS loginFailureNum,login_failure_time AS loginFailureTime,phone,`password`,user_name AS userName,`status`,merchant_id AS merchantId,merchant_name AS merchantName,shop_id AS shopId,shop_name AS shopName,add_by_id AS addById,add_by_name AS addByName,add_time AS addTime,requester_id AS requesterId,requester_name AS requesterName,request_id AS requestId,request_time AS requestTime,account_type AS accountType,check_by_id AS checkById,check_name AS checkName,check_time AS checkTime,remark FROM account WHERE phone=? >
2017-11-15 17:22:57,362 DEBUG [com.lanxi.couponcode.impl.dao.AccountDao.selectOne] - <==> Parameters: 13165978091(String)>
2017-11-15 17:22:57,392 DEBUG [com.lanxi.couponcode.impl.dao.AccountDao.selectOne] - <<==      Total: 1>
2017-11-15 17:22:57,393 DEBUG [org.mybatis.spring.SqlSessionUtils] - <Closing non transactional SqlSession [org.apache.ibatis.session.defaults.DefaultSqlSession@3f446bef]>
2017-11-15 17:22:57,393 DEBUG [org.springframework.jdbc.datasource.DataSourceUtils] - <Returning JDBC Connection to DataSource>
2017-11-15 17:22:57,395 DEBUG [com.lanxi.couponcode.impl.service.LoginServiceImpl] - <登录失败把失败登录次数+1和失败登录时间更新>
2017-11-15 17:22:57,399 DEBUG [org.mybatis.spring.SqlSessionUtils] - <Creating a new SqlSession>
2017-11-15 17:22:57,399 DEBUG [org.mybatis.spring.SqlSessionUtils] - <SqlSession [org.apache.ibatis.session.defaults.DefaultSqlSession@1c98290c] was not registered for synchronization because synchronization is not active>
2017-11-15 17:22:57,421 DEBUG [org.springframework.jdbc.datasource.DataSourceUtils] - <Fetching JDBC Connection from DataSource>
2017-11-15 17:22:57,424 DEBUG [org.mybatis.spring.transaction.SpringManagedTransaction] - <JDBC Connection [jdbc:mysql://192.168.17.62:3306/couponcode?autoReconnect=true, UserName=yyj@192.168.17.64, MySQL Connector Java] will not be managed by Spring>
2017-11-15 17:22:57,425 DEBUG [com.lanxi.couponcode.impl.dao.AccountDao.updateById] - <==>  Preparing: UPDATE account SET login_failure_num=?, login_failure_time=?, phone=? WHERE account_id=? >
2017-11-15 17:22:57,427 DEBUG [com.lanxi.couponcode.impl.dao.AccountDao.updateById] - <==> Parameters: 3(Integer), 20171115052257(String), 13165978091(String), 930337119628374016(Long)>
2017-11-15 17:22:57,434 DEBUG [com.lanxi.couponcode.impl.dao.AccountDao.updateById] - <<==    Updates: 1>
2017-11-15 17:22:57,436 DEBUG [org.mybatis.spring.SqlSessionUtils] - <Closing non transactional SqlSession [org.apache.ibatis.session.defaults.DefaultSqlSession@1c98290c]>
2017-11-15 17:22:57,436 DEBUG [org.springframework.jdbc.datasource.DataSourceUtils] - <Returning JDBC Connection to DataSource>
2017-11-15 17:22:57,437 DEBUG [com.lanxi.couponcode.impl.service.LoginServiceImpl] - <账号或密码错误
phone[13165978091]
,password[12345679]
,validateCode[a]
>
2017-11-15 17:23:17,338 DEBUG [org.springframework.beans.factory.support.DefaultListableBeanFactory] - <Returning cached instance of singleton bean 'loginService'>
2017-11-15 17:23:17,357 DEBUG [org.mybatis.spring.SqlSessionUtils] - <Creating a new SqlSession>
2017-11-15 17:23:17,367 DEBUG [org.mybatis.spring.SqlSessionUtils] - <SqlSession [org.apache.ibatis.session.defaults.DefaultSqlSession@366ef90e] was not registered for synchronization because synchronization is not active>
2017-11-15 17:23:17,528 DEBUG [org.springframework.jdbc.datasource.DataSourceUtils] - <Fetching JDBC Connection from DataSource>
2017-11-15 17:23:17,532 DEBUG [org.mybatis.spring.transaction.SpringManagedTransaction] - <JDBC Connection [jdbc:mysql://192.168.17.62:3306/couponcode?autoReconnect=true, UserName=yyj@192.168.17.64, MySQL Connector Java] will not be managed by Spring>
2017-11-15 17:23:17,544 DEBUG [com.lanxi.couponcode.impl.dao.AccountDao.selectOne] - <==>  Preparing: SELECT account_id AS accountId,login_failure_num AS loginFailureNum,login_failure_time AS loginFailureTime,phone,`password`,user_name AS userName,`status`,merchant_id AS merchantId,merchant_name AS merchantName,shop_id AS shopId,shop_name AS shopName,add_by_id AS addById,add_by_name AS addByName,add_time AS addTime,requester_id AS requesterId,requester_name AS requesterName,request_id AS requestId,request_time AS requestTime,account_type AS accountType,check_by_id AS checkById,check_name AS checkName,check_time AS checkTime,remark FROM account WHERE phone=? >
2017-11-15 17:23:17,585 DEBUG [com.lanxi.couponcode.impl.dao.AccountDao.selectOne] - <==> Parameters: 13165978091(String)>
2017-11-15 17:23:17,612 DEBUG [com.lanxi.couponcode.impl.dao.AccountDao.selectOne] - <<==      Total: 1>
2017-11-15 17:23:17,613 DEBUG [org.mybatis.spring.SqlSessionUtils] - <Closing non transactional SqlSession [org.apache.ibatis.session.defaults.DefaultSqlSession@366ef90e]>
2017-11-15 17:23:17,613 DEBUG [org.springframework.jdbc.datasource.DataSourceUtils] - <Returning JDBC Connection to DataSource>
2017-11-15 17:23:17,615 DEBUG [com.lanxi.couponcode.impl.service.LoginServiceImpl] - <登录失败把失败登录次数+1和失败登录时间更新>
2017-11-15 17:23:17,618 DEBUG [org.mybatis.spring.SqlSessionUtils] - <Creating a new SqlSession>
2017-11-15 17:23:17,618 DEBUG [org.mybatis.spring.SqlSessionUtils] - <SqlSession [org.apache.ibatis.session.defaults.DefaultSqlSession@26fb628] was not registered for synchronization because synchronization is not active>
2017-11-15 17:23:17,624 DEBUG [org.springframework.jdbc.datasource.DataSourceUtils] - <Fetching JDBC Connection from DataSource>
2017-11-15 17:23:17,628 DEBUG [org.mybatis.spring.transaction.SpringManagedTransaction] - <JDBC Connection [jdbc:mysql://192.168.17.62:3306/couponcode?autoReconnect=true, UserName=yyj@192.168.17.64, MySQL Connector Java] will not be managed by Spring>
2017-11-15 17:23:17,629 DEBUG [com.lanxi.couponcode.impl.dao.AccountDao.updateById] - <==>  Preparing: UPDATE account SET login_failure_num=?, login_failure_time=?, phone=? WHERE account_id=? >
2017-11-15 17:23:17,630 DEBUG [com.lanxi.couponcode.impl.dao.AccountDao.updateById] - <==> Parameters: 4(Integer), 20171115052317(String), 13165978091(String), 930337119628374016(Long)>
2017-11-15 17:23:17,635 DEBUG [com.lanxi.couponcode.impl.dao.AccountDao.updateById] - <<==    Updates: 1>
2017-11-15 17:23:17,635 DEBUG [org.mybatis.spring.SqlSessionUtils] - <Closing non transactional SqlSession [org.apache.ibatis.session.defaults.DefaultSqlSession@26fb628]>
2017-11-15 17:23:17,635 DEBUG [org.springframework.jdbc.datasource.DataSourceUtils] - <Returning JDBC Connection to DataSource>
2017-11-15 17:23:17,635 DEBUG [com.lanxi.couponcode.impl.service.LoginServiceImpl] - <账号或密码错误
phone[13165978091]
,password[12345679]
,validateCode[a]
>
2017-11-15 17:23:48,667 DEBUG [org.springframework.beans.factory.support.DefaultListableBeanFactory] - <Returning cached instance of singleton bean 'loginService'>
2017-11-15 17:23:48,683 DEBUG [org.mybatis.spring.SqlSessionUtils] - <Creating a new SqlSession>
2017-11-15 17:23:48,692 DEBUG [org.mybatis.spring.SqlSessionUtils] - <SqlSession [org.apache.ibatis.session.defaults.DefaultSqlSession@21aa6d6c] was not registered for synchronization because synchronization is not active>
2017-11-15 17:23:48,862 DEBUG [org.springframework.jdbc.datasource.DataSourceUtils] - <Fetching JDBC Connection from DataSource>
2017-11-15 17:23:48,866 DEBUG [org.mybatis.spring.transaction.SpringManagedTransaction] - <JDBC Connection [jdbc:mysql://192.168.17.62:3306/couponcode?autoReconnect=true, UserName=yyj@192.168.17.64, MySQL Connector Java] will not be managed by Spring>
2017-11-15 17:23:48,876 DEBUG [com.lanxi.couponcode.impl.dao.AccountDao.selectOne] - <==>  Preparing: SELECT account_id AS accountId,login_failure_num AS loginFailureNum,login_failure_time AS loginFailureTime,phone,`password`,user_name AS userName,`status`,merchant_id AS merchantId,merchant_name AS merchantName,shop_id AS shopId,shop_name AS shopName,add_by_id AS addById,add_by_name AS addByName,add_time AS addTime,requester_id AS requesterId,requester_name AS requesterName,request_id AS requestId,request_time AS requestTime,account_type AS accountType,check_by_id AS checkById,check_name AS checkName,check_time AS checkTime,remark FROM account WHERE phone=? >
2017-11-15 17:23:48,914 DEBUG [com.lanxi.couponcode.impl.dao.AccountDao.selectOne] - <==> Parameters: 13165978091(String)>
2017-11-15 17:23:48,940 DEBUG [com.lanxi.couponcode.impl.dao.AccountDao.selectOne] - <<==      Total: 1>
2017-11-15 17:23:48,941 DEBUG [org.mybatis.spring.SqlSessionUtils] - <Closing non transactional SqlSession [org.apache.ibatis.session.defaults.DefaultSqlSession@21aa6d6c]>
2017-11-15 17:23:48,942 DEBUG [org.springframework.jdbc.datasource.DataSourceUtils] - <Returning JDBC Connection to DataSource>
2017-11-15 17:23:48,944 DEBUG [com.lanxi.couponcode.impl.service.LoginServiceImpl] - <登录失败把失败登录次数+1和失败登录时间更新>
2017-11-15 17:23:48,947 DEBUG [org.mybatis.spring.SqlSessionUtils] - <Creating a new SqlSession>
2017-11-15 17:23:48,947 DEBUG [org.mybatis.spring.SqlSessionUtils] - <SqlSession [org.apache.ibatis.session.defaults.DefaultSqlSession@6c67e137] was not registered for synchronization because synchronization is not active>
2017-11-15 17:23:48,955 DEBUG [org.springframework.jdbc.datasource.DataSourceUtils] - <Fetching JDBC Connection from DataSource>
2017-11-15 17:23:48,959 DEBUG [org.mybatis.spring.transaction.SpringManagedTransaction] - <JDBC Connection [jdbc:mysql://192.168.17.62:3306/couponcode?autoReconnect=true, UserName=yyj@192.168.17.64, MySQL Connector Java] will not be managed by Spring>
2017-11-15 17:23:48,959 DEBUG [com.lanxi.couponcode.impl.dao.AccountDao.updateById] - <==>  Preparing: UPDATE account SET login_failure_num=?, login_failure_time=?, phone=? WHERE account_id=? >
2017-11-15 17:23:48,960 DEBUG [com.lanxi.couponcode.impl.dao.AccountDao.updateById] - <==> Parameters: 5(Integer), 20171115052348(String), 13165978091(String), 930337119628374016(Long)>
2017-11-15 17:23:48,975 DEBUG [com.lanxi.couponcode.impl.dao.AccountDao.updateById] - <<==    Updates: 1>
2017-11-15 17:23:48,975 DEBUG [org.mybatis.spring.SqlSessionUtils] - <Closing non transactional SqlSession [org.apache.ibatis.session.defaults.DefaultSqlSession@6c67e137]>
2017-11-15 17:23:48,975 DEBUG [org.springframework.jdbc.datasource.DataSourceUtils] - <Returning JDBC Connection to DataSource>
2017-11-15 17:23:48,976 DEBUG [com.lanxi.couponcode.impl.service.LoginServiceImpl] - <账号或密码错误
phone[13165978091]
,password[12345679]
,validateCode[a]
>
2017-11-15 17:38:08,628 DEBUG [org.springframework.beans.factory.support.DefaultListableBeanFactory] - <Returning cached instance of singleton bean 'loginService'>
2017-11-15 17:38:08,646 DEBUG [org.mybatis.spring.SqlSessionUtils] - <Creating a new SqlSession>
2017-11-15 17:38:08,656 DEBUG [org.mybatis.spring.SqlSessionUtils] - <SqlSession [org.apache.ibatis.session.defaults.DefaultSqlSession@366ef90e] was not registered for synchronization because synchronization is not active>
2017-11-15 17:38:08,814 DEBUG [org.springframework.jdbc.datasource.DataSourceUtils] - <Fetching JDBC Connection from DataSource>
2017-11-15 17:38:08,819 DEBUG [org.mybatis.spring.transaction.SpringManagedTransaction] - <JDBC Connection [jdbc:mysql://192.168.17.62:3306/couponcode?autoReconnect=true, UserName=yyj@192.168.17.64, MySQL Connector Java] will not be managed by Spring>
2017-11-15 17:38:08,830 DEBUG [com.lanxi.couponcode.impl.dao.AccountDao.selectOne] - <==>  Preparing: SELECT account_id AS accountId,login_failure_num AS loginFailureNum,login_failure_time AS loginFailureTime,phone,`password`,user_name AS userName,`status`,merchant_id AS merchantId,merchant_name AS merchantName,shop_id AS shopId,shop_name AS shopName,add_by_id AS addById,add_by_name AS addByName,add_time AS addTime,requester_id AS requesterId,requester_name AS requesterName,request_id AS requestId,request_time AS requestTime,account_type AS accountType,check_by_id AS checkById,check_name AS checkName,check_time AS checkTime,remark FROM account WHERE phone=? >
2017-11-15 17:38:08,870 DEBUG [com.lanxi.couponcode.impl.dao.AccountDao.selectOne] - <==> Parameters: 13165978091(String)>
2017-11-15 17:38:08,907 DEBUG [com.lanxi.couponcode.impl.dao.AccountDao.selectOne] - <<==      Total: 1>
2017-11-15 17:38:08,908 DEBUG [org.mybatis.spring.SqlSessionUtils] - <Closing non transactional SqlSession [org.apache.ibatis.session.defaults.DefaultSqlSession@366ef90e]>
2017-11-15 17:38:08,908 DEBUG [org.springframework.jdbc.datasource.DataSourceUtils] - <Returning JDBC Connection to DataSource>
2017-11-15 17:38:08,910 DEBUG [com.lanxi.couponcode.impl.service.LoginServiceImpl] - <登录失败把失败登录次数+1和失败登录时间更新>
2017-11-15 17:38:08,914 DEBUG [org.mybatis.spring.SqlSessionUtils] - <Creating a new SqlSession>
2017-11-15 17:38:08,914 DEBUG [org.mybatis.spring.SqlSessionUtils] - <SqlSession [org.apache.ibatis.session.defaults.DefaultSqlSession@26fb628] was not registered for synchronization because synchronization is not active>
2017-11-15 17:38:08,920 DEBUG [org.springframework.jdbc.datasource.DataSourceUtils] - <Fetching JDBC Connection from DataSource>
2017-11-15 17:38:08,926 DEBUG [org.mybatis.spring.transaction.SpringManagedTransaction] - <JDBC Connection [jdbc:mysql://192.168.17.62:3306/couponcode?autoReconnect=true, UserName=yyj@192.168.17.64, MySQL Connector Java] will not be managed by Spring>
2017-11-15 17:38:08,927 DEBUG [com.lanxi.couponcode.impl.dao.AccountDao.updateById] - <==>  Preparing: UPDATE account SET login_failure_num=?, login_failure_time=?, phone=? WHERE account_id=? >
2017-11-15 17:38:08,928 DEBUG [com.lanxi.couponcode.impl.dao.AccountDao.updateById] - <==> Parameters: 6(Integer), 20171115173808(String), 13165978091(String), 930337119628374016(Long)>
2017-11-15 17:38:08,934 DEBUG [com.lanxi.couponcode.impl.dao.AccountDao.updateById] - <<==    Updates: 1>
2017-11-15 17:38:08,934 DEBUG [org.mybatis.spring.SqlSessionUtils] - <Closing non transactional SqlSession [org.apache.ibatis.session.defaults.DefaultSqlSession@26fb628]>
2017-11-15 17:38:08,934 DEBUG [org.springframework.jdbc.datasource.DataSourceUtils] - <Returning JDBC Connection to DataSource>
2017-11-15 17:38:08,934 DEBUG [com.lanxi.couponcode.impl.service.LoginServiceImpl] - <账号或密码错误
phone[13165978091]
,password[12345679]
,validateCode[a]
>
2017-11-15 17:38:27,453 DEBUG [org.springframework.beans.factory.support.DefaultListableBeanFactory] - <Returning cached instance of singleton bean 'loginService'>
2017-11-15 17:38:27,471 DEBUG [org.mybatis.spring.SqlSessionUtils] - <Creating a new SqlSession>
2017-11-15 17:38:27,479 DEBUG [org.mybatis.spring.SqlSessionUtils] - <SqlSession [org.apache.ibatis.session.defaults.DefaultSqlSession@366ef90e] was not registered for synchronization because synchronization is not active>
2017-11-15 17:38:27,633 DEBUG [org.springframework.jdbc.datasource.DataSourceUtils] - <Fetching JDBC Connection from DataSource>
2017-11-15 17:38:27,636 DEBUG [org.mybatis.spring.transaction.SpringManagedTransaction] - <JDBC Connection [jdbc:mysql://192.168.17.62:3306/couponcode?autoReconnect=true, UserName=yyj@192.168.17.64, MySQL Connector Java] will not be managed by Spring>
2017-11-15 17:38:27,651 DEBUG [com.lanxi.couponcode.impl.dao.AccountDao.selectOne] - <==>  Preparing: SELECT account_id AS accountId,login_failure_num AS loginFailureNum,login_failure_time AS loginFailureTime,phone,`password`,user_name AS userName,`status`,merchant_id AS merchantId,merchant_name AS merchantName,shop_id AS shopId,shop_name AS shopName,add_by_id AS addById,add_by_name AS addByName,add_time AS addTime,requester_id AS requesterId,requester_name AS requesterName,request_id AS requestId,request_time AS requestTime,account_type AS accountType,check_by_id AS checkById,check_name AS checkName,check_time AS checkTime,remark FROM account WHERE phone=? >
2017-11-15 17:38:27,692 DEBUG [com.lanxi.couponcode.impl.dao.AccountDao.selectOne] - <==> Parameters: 13165978091(String)>
2017-11-15 17:38:27,724 DEBUG [com.lanxi.couponcode.impl.dao.AccountDao.selectOne] - <<==      Total: 1>
2017-11-15 17:38:27,725 DEBUG [org.mybatis.spring.SqlSessionUtils] - <Closing non transactional SqlSession [org.apache.ibatis.session.defaults.DefaultSqlSession@366ef90e]>
2017-11-15 17:38:27,727 DEBUG [org.springframework.jdbc.datasource.DataSourceUtils] - <Returning JDBC Connection to DataSource>
2017-11-15 17:40:41,759 DEBUG [org.springframework.beans.factory.support.DefaultListableBeanFactory] - <Returning cached instance of singleton bean 'loginService'>
2017-11-15 17:40:41,775 DEBUG [org.mybatis.spring.SqlSessionUtils] - <Creating a new SqlSession>
2017-11-15 17:40:41,784 DEBUG [org.mybatis.spring.SqlSessionUtils] - <SqlSession [org.apache.ibatis.session.defaults.DefaultSqlSession@21aa6d6c] was not registered for synchronization because synchronization is not active>
2017-11-15 17:40:41,948 DEBUG [org.springframework.jdbc.datasource.DataSourceUtils] - <Fetching JDBC Connection from DataSource>
2017-11-15 17:40:41,952 DEBUG [org.mybatis.spring.transaction.SpringManagedTransaction] - <JDBC Connection [jdbc:mysql://192.168.17.62:3306/couponcode?autoReconnect=true, UserName=yyj@192.168.17.64, MySQL Connector Java] will not be managed by Spring>
2017-11-15 17:40:41,963 DEBUG [com.lanxi.couponcode.impl.dao.AccountDao.selectOne] - <==>  Preparing: SELECT account_id AS accountId,login_failure_num AS loginFailureNum,login_failure_time AS loginFailureTime,phone,`password`,user_name AS userName,`status`,merchant_id AS merchantId,merchant_name AS merchantName,shop_id AS shopId,shop_name AS shopName,add_by_id AS addById,add_by_name AS addByName,add_time AS addTime,requester_id AS requesterId,requester_name AS requesterName,request_id AS requestId,request_time AS requestTime,account_type AS accountType,check_by_id AS checkById,check_name AS checkName,check_time AS checkTime,remark FROM account WHERE phone=? >
2017-11-15 17:40:42,001 DEBUG [com.lanxi.couponcode.impl.dao.AccountDao.selectOne] - <==> Parameters: 13165978091(String)>
2017-11-15 17:40:42,029 DEBUG [com.lanxi.couponcode.impl.dao.AccountDao.selectOne] - <<==      Total: 1>
2017-11-15 17:40:42,030 DEBUG [org.mybatis.spring.SqlSessionUtils] - <Closing non transactional SqlSession [org.apache.ibatis.session.defaults.DefaultSqlSession@21aa6d6c]>
2017-11-15 17:40:42,031 DEBUG [org.springframework.jdbc.datasource.DataSourceUtils] - <Returning JDBC Connection to DataSource>
2017-11-15 17:42:14,564 DEBUG [org.springframework.beans.factory.support.DefaultListableBeanFactory] - <Returning cached instance of singleton bean 'loginService'>
2017-11-15 17:42:14,583 DEBUG [org.mybatis.spring.SqlSessionUtils] - <Creating a new SqlSession>
2017-11-15 17:42:14,593 DEBUG [org.mybatis.spring.SqlSessionUtils] - <SqlSession [org.apache.ibatis.session.defaults.DefaultSqlSession@21aa6d6c] was not registered for synchronization because synchronization is not active>
2017-11-15 17:42:14,755 DEBUG [org.springframework.jdbc.datasource.DataSourceUtils] - <Fetching JDBC Connection from DataSource>
2017-11-15 17:42:14,766 DEBUG [org.mybatis.spring.transaction.SpringManagedTransaction] - <JDBC Connection [jdbc:mysql://192.168.17.62:3306/couponcode?autoReconnect=true, UserName=yyj@192.168.17.64, MySQL Connector Java] will not be managed by Spring>
2017-11-15 17:42:14,778 DEBUG [com.lanxi.couponcode.impl.dao.AccountDao.selectOne] - <==>  Preparing: SELECT account_id AS accountId,login_failure_num AS loginFailureNum,login_failure_time AS loginFailureTime,phone,`password`,user_name AS userName,`status`,merchant_id AS merchantId,merchant_name AS merchantName,shop_id AS shopId,shop_name AS shopName,add_by_id AS addById,add_by_name AS addByName,add_time AS addTime,requester_id AS requesterId,requester_name AS requesterName,request_id AS requestId,request_time AS requestTime,account_type AS accountType,check_by_id AS checkById,check_name AS checkName,check_time AS checkTime,remark FROM account WHERE phone=? >
2017-11-15 17:42:14,818 DEBUG [com.lanxi.couponcode.impl.dao.AccountDao.selectOne] - <==> Parameters: 13165978091(String)>
2017-11-15 17:42:14,843 DEBUG [com.lanxi.couponcode.impl.dao.AccountDao.selectOne] - <<==      Total: 1>
2017-11-15 17:42:14,843 DEBUG [org.mybatis.spring.SqlSessionUtils] - <Closing non transactional SqlSession [org.apache.ibatis.session.defaults.DefaultSqlSession@21aa6d6c]>
2017-11-15 17:42:14,844 DEBUG [org.springframework.jdbc.datasource.DataSourceUtils] - <Returning JDBC Connection to DataSource>
2017-11-15 17:42:58,408 DEBUG [org.springframework.beans.factory.support.DefaultListableBeanFactory] - <Returning cached instance of singleton bean 'loginService'>
2017-11-15 17:42:58,426 DEBUG [org.mybatis.spring.SqlSessionUtils] - <Creating a new SqlSession>
2017-11-15 17:42:58,437 DEBUG [org.mybatis.spring.SqlSessionUtils] - <SqlSession [org.apache.ibatis.session.defaults.DefaultSqlSession@21aa6d6c] was not registered for synchronization because synchronization is not active>
2017-11-15 17:42:58,591 DEBUG [org.springframework.jdbc.datasource.DataSourceUtils] - <Fetching JDBC Connection from DataSource>
2017-11-15 17:42:58,595 DEBUG [org.mybatis.spring.transaction.SpringManagedTransaction] - <JDBC Connection [jdbc:mysql://192.168.17.62:3306/couponcode?autoReconnect=true, UserName=yyj@192.168.17.64, MySQL Connector Java] will not be managed by Spring>
2017-11-15 17:42:58,605 DEBUG [com.lanxi.couponcode.impl.dao.AccountDao.selectOne] - <==>  Preparing: SELECT account_id AS accountId,login_failure_num AS loginFailureNum,login_failure_time AS loginFailureTime,phone,`password`,user_name AS userName,`status`,merchant_id AS merchantId,merchant_name AS merchantName,shop_id AS shopId,shop_name AS shopName,add_by_id AS addById,add_by_name AS addByName,add_time AS addTime,requester_id AS requesterId,requester_name AS requesterName,request_id AS requestId,request_time AS requestTime,account_type AS accountType,check_by_id AS checkById,check_name AS checkName,check_time AS checkTime,remark FROM account WHERE phone=? >
2017-11-15 17:42:58,642 DEBUG [com.lanxi.couponcode.impl.dao.AccountDao.selectOne] - <==> Parameters: 13165978091(String)>
2017-11-15 17:42:58,668 DEBUG [com.lanxi.couponcode.impl.dao.AccountDao.selectOne] - <<==      Total: 1>
2017-11-15 17:42:58,669 DEBUG [org.mybatis.spring.SqlSessionUtils] - <Closing non transactional SqlSession [org.apache.ibatis.session.defaults.DefaultSqlSession@21aa6d6c]>
2017-11-15 17:42:58,669 DEBUG [org.springframework.jdbc.datasource.DataSourceUtils] - <Returning JDBC Connection to DataSource>
2017-11-15 17:42:58,670 DEBUG [com.lanxi.couponcode.impl.service.LoginServiceImpl] - <登录成功
phone[13165978091]
,password[123456789]
,validateCode[a]
>
2017-11-15 17:42:59,014 DEBUG [org.mybatis.spring.SqlSessionUtils] - <Creating a new SqlSession>
2017-11-15 17:42:59,015 DEBUG [org.mybatis.spring.SqlSessionUtils] - <SqlSession [org.apache.ibatis.session.defaults.DefaultSqlSession@30ed9c6c] was not registered for synchronization because synchronization is not active>
2017-11-15 17:42:59,039 DEBUG [org.springframework.jdbc.datasource.DataSourceUtils] - <Fetching JDBC Connection from DataSource>
2017-11-15 17:42:59,043 DEBUG [org.mybatis.spring.transaction.SpringManagedTransaction] - <JDBC Connection [jdbc:mysql://192.168.17.62:3306/couponcode?autoReconnect=true, UserName=yyj@192.168.17.64, MySQL Connector Java] will not be managed by Spring>
2017-11-15 17:42:59,044 DEBUG [com.lanxi.couponcode.impl.dao.AccountDao.updateById] - <==>  Preparing: UPDATE account SET login_failure_num=?, login_failure_time=?, phone=? WHERE account_id=? >
2017-11-15 17:42:59,045 DEBUG [com.lanxi.couponcode.impl.dao.AccountDao.updateById] - <==> Parameters: 0(Integer), 20171114033028(String), 13165978091(String), 930337119628374016(Long)>
2017-11-15 17:42:59,052 DEBUG [com.lanxi.couponcode.impl.dao.AccountDao.updateById] - <<==    Updates: 1>
2017-11-15 17:42:59,053 DEBUG [org.mybatis.spring.SqlSessionUtils] - <Closing non transactional SqlSession [org.apache.ibatis.session.defaults.DefaultSqlSession@30ed9c6c]>
2017-11-15 17:42:59,053 DEBUG [org.springframework.jdbc.datasource.DataSourceUtils] - <Returning JDBC Connection to DataSource>
2017-11-15 17:42:59,059 DEBUG [org.springframework.jdbc.datasource.DataSourceUtils] - <Fetching JDBC Connection from DataSource>
2017-11-15 17:42:59,063 DEBUG [org.mybatis.spring.transaction.SpringManagedTransaction] - <JDBC Connection [jdbc:mysql://192.168.17.62:3306/couponcode?autoReconnect=true, UserName=yyj@192.168.17.64, MySQL Connector Java] will not be managed by Spring>
2017-11-15 17:42:59,064 DEBUG [com.lanxi.couponcode.impl.dao.OperateRecordDao.insert] - <==>  Preparing: INSERT INTO operate_record ( record_id, operater_phone, target_type, description, operate_time, target_info ) VALUES ( ?, ?, ?, ?, ?, ? ) >
2017-11-15 17:42:59,066 DEBUG [com.lanxi.couponcode.impl.dao.OperateRecordDao.insert] - <==> Parameters: 930732852374278144(Long), 13165978091(String), 7(String), 账户登录(String), 20171115174258(String), {"accountId":930337119628374016,"accountType":"1","addTime":"20171114033028","loginFailureNum":6,"loginFailureTime":"20171115143808","merchantId":1,"merchantName":"bb","password":"123456789","phone":"13165978091","requesterId":1,"status":"1","userName":"aa"}(String)>
2017-11-15 17:42:59,072 DEBUG [com.lanxi.couponcode.impl.dao.OperateRecordDao.insert] - <<==    Updates: 1>
2017-11-15 17:42:59,072 DEBUG [org.springframework.jdbc.datasource.DataSourceUtils] - <Returning JDBC Connection to DataSource>
