2017-11-09 08:52:44,045 INFO [com.lanxi.util.utils.LoggerUtil] - <log4j初始化完成!>
2017-11-09 08:52:44,058 INFO [com.lanxi.couponcode.impl.service.MerchantServiceImpl] - <尝试修改商户,
operaterId[1]
,operaterPhone[1]
,operaterInfo[1]
>
2017-11-09 08:52:44,562 INFO [com.lanxi.couponcode.impl.service.MerchantServiceImpl] - <修改商户成功
operaterId[1]
,operaterPhone[1]
,operaterInfo[1]
>
2017-11-09 08:52:44,602 INFO [com.lanxi.couponcode.impl.service.MerchantServiceImpl] - <修改商户操作记录[OperateRecord{recordId=928425084703346688, operaterId=1, operaterPhone='1', targetType=7, description='修改商户', operateTime='20171109085244', operateResult='成功', remark='null', operaterInfo='1', targetInfo='{"createTime":"20171109085244","merchantId":1,"merchantName":"123","minuteWorkAddress":"蓝喜","workAddress":"杭州"}', targetResultInfo='null', moreInfo='null'}]结果[true],
operaterId[1]
,operaterPhone[1]
,operaterInfo[1]
>
2017-11-09 08:52:44,606 INFO [com.alibaba.dubbo.config.AbstractConfig] - < [DUBBO] Run shutdown hook now., dubbo version: 2.5.3, current host: 127.0.0.1>
2017-11-09 08:52:44,610 INFO [com.alibaba.dubbo.registry.support.AbstractRegistryFactory] - < [DUBBO] Close all registries [], dubbo version: 2.5.3, current host: 127.0.0.1>
2017-11-09 08:57:12,920 INFO [com.lanxi.util.utils.LoggerUtil] - <log4j初始化完成!>
2017-11-09 08:57:12,921 INFO [com.lanxi.couponcode.impl.service.MerchantServiceImpl] - <尝试获取商户信息,
page[null]
,size[null]
,operaterId[1]
,operaterPhone[1]
,operaterInfo[1]
>
2017-11-09 08:57:13,043 INFO [com.alibaba.dubbo.config.AbstractConfig] - < [DUBBO] Run shutdown hook now., dubbo version: 2.5.3, current host: 127.0.0.1>
2017-11-09 08:57:13,046 INFO [com.alibaba.dubbo.registry.support.AbstractRegistryFactory] - < [DUBBO] Close all registries [], dubbo version: 2.5.3, current host: 127.0.0.1>
2017-11-09 09:02:09,721 INFO [com.lanxi.util.utils.LoggerUtil] - <log4j初始化完成!>
2017-11-09 09:02:09,722 INFO [com.lanxi.couponcode.impl.service.MerchantServiceImpl] - <尝试获取商户信息,
page[0]
,size[null]
,operaterId[1]
,operaterPhone[1]
,operaterInfo[1]
>
2017-11-09 09:02:09,974 INFO [com.lanxi.couponcode.impl.service.MerchantServiceImpl] - <查询到的记录数[4]page[0]
,size[null]
,operaterId[1]
,operaterPhone[1]
,operaterInfo[1]
>
2017-11-09 09:02:09,978 INFO [com.alibaba.dubbo.config.AbstractConfig] - < [DUBBO] Run shutdown hook now., dubbo version: 2.5.3, current host: 127.0.0.1>
2017-11-09 09:02:09,982 INFO [com.alibaba.dubbo.registry.support.AbstractRegistryFactory] - < [DUBBO] Close all registries [], dubbo version: 2.5.3, current host: 127.0.0.1>
2017-11-09 09:10:19,209 INFO [com.lanxi.util.utils.LoggerUtil] - <log4j初始化完成!>
2017-11-09 09:10:19,210 INFO [com.lanxi.couponcode.impl.service.MerchantServiceImpl] - <尝试按条件获取商户信息
,page[0]
,size[null]
,operaterId[1]
,operaterInfo[1]
,operaterPhone[1]
,startTime[20171108]
,endTime[20171109]
,merchantStatus[]
,merchantName[]
>
2017-11-09 09:10:19,445 INFO [com.lanxi.couponcode.impl.service.MerchantServiceImpl] - <条件装饰结果[WHERE (create_time >= ? AND create_time <= ?)]page[0]
,size[null]
,operaterId[1]
,operaterInfo[1]
,operaterPhone[1]
,startTime[20171108]
,endTime[20171109]
,merchantStatus[]
,merchantName[]
>
2017-11-09 09:10:19,446 INFO [com.lanxi.couponcode.impl.service.MerchantServiceImpl] - <查询到的记录数[4]page[0]
,size[null]
,operaterId[1]
,operaterInfo[1]
,operaterPhone[1]
,startTime[20171108]
,endTime[20171109]
,merchantStatus[]
,merchantName[]
>
2017-11-09 09:10:19,448 INFO [com.alibaba.dubbo.config.AbstractConfig] - < [DUBBO] Run shutdown hook now., dubbo version: 2.5.3, current host: 127.0.0.1>
2017-11-09 09:10:19,453 INFO [com.alibaba.dubbo.registry.support.AbstractRegistryFactory] - < [DUBBO] Close all registries [], dubbo version: 2.5.3, current host: 127.0.0.1>
2017-11-09 09:11:00,595 INFO [com.lanxi.util.utils.LoggerUtil] - <log4j初始化完成!>
2017-11-09 09:11:00,597 INFO [com.lanxi.couponcode.impl.service.MerchantServiceImpl] - <尝试按条件获取商户信息
,page[0]
,size[null]
,operaterId[1]
,operaterInfo[1]
,operaterPhone[1]
,startTime[20171108]
,endTime[20171108]
,merchantStatus[]
,merchantName[]
>
2017-11-09 09:11:00,817 INFO [com.lanxi.couponcode.impl.service.MerchantServiceImpl] - <条件装饰结果[WHERE (create_time >= ? AND create_time <= ?)]page[0]
,size[null]
,operaterId[1]
,operaterInfo[1]
,operaterPhone[1]
,startTime[20171108]
,endTime[20171108]
,merchantStatus[]
,merchantName[]
>
2017-11-09 09:11:00,818 INFO [com.lanxi.couponcode.impl.service.MerchantServiceImpl] - <查询到的记录数[3]page[0]
,size[null]
,operaterId[1]
,operaterInfo[1]
,operaterPhone[1]
,startTime[20171108]
,endTime[20171108]
,merchantStatus[]
,merchantName[]
>
2017-11-09 09:11:00,820 INFO [com.alibaba.dubbo.config.AbstractConfig] - < [DUBBO] Run shutdown hook now., dubbo version: 2.5.3, current host: 127.0.0.1>
2017-11-09 09:11:00,825 INFO [com.alibaba.dubbo.registry.support.AbstractRegistryFactory] - < [DUBBO] Close all registries [], dubbo version: 2.5.3, current host: 127.0.0.1>
2017-11-09 09:12:42,316 INFO [com.lanxi.util.utils.LoggerUtil] - <log4j初始化完成!>
2017-11-09 09:12:42,318 INFO [com.lanxi.couponcode.impl.service.MerchantServiceImpl] - <尝试按条件获取商户信息
,page[0]
,size[null]
,operaterId[1]
,operaterInfo[1]
,operaterPhone[1]
,startTime[]
,endTime[]
,merchantStatus[]
,merchantName[123]
>
2017-11-09 09:12:42,598 INFO [com.lanxi.couponcode.impl.service.MerchantServiceImpl] - <条件装饰结果[WHERE (merchant_name = ?)]page[0]
,size[null]
,operaterId[1]
,operaterInfo[1]
,operaterPhone[1]
,startTime[]
,endTime[]
,merchantStatus[]
,merchantName[123]
>
2017-11-09 09:12:42,599 INFO [com.lanxi.couponcode.impl.service.MerchantServiceImpl] - <查询到的记录数[4]page[0]
,size[null]
,operaterId[1]
,operaterInfo[1]
,operaterPhone[1]
,startTime[]
,endTime[]
,merchantStatus[]
,merchantName[123]
>
2017-11-09 09:12:42,601 INFO [com.alibaba.dubbo.config.AbstractConfig] - < [DUBBO] Run shutdown hook now., dubbo version: 2.5.3, current host: 127.0.0.1>
2017-11-09 09:12:42,607 INFO [com.alibaba.dubbo.registry.support.AbstractRegistryFactory] - < [DUBBO] Close all registries [], dubbo version: 2.5.3, current host: 127.0.0.1>
2017-11-09 09:14:36,661 INFO [com.lanxi.util.utils.LoggerUtil] - <log4j初始化完成!>
2017-11-09 09:14:36,664 INFO [com.lanxi.couponcode.impl.service.MerchantServiceImpl] - <尝试获取商户详情merchantId[1]
,operaterId[null]
,operaterPhone[null]
,operaterInfo[null]
>
2017-11-09 09:14:36,804 INFO [com.alibaba.dubbo.config.AbstractConfig] - < [DUBBO] Run shutdown hook now., dubbo version: 2.5.3, current host: 127.0.0.1>
2017-11-09 09:14:36,809 INFO [com.alibaba.dubbo.registry.support.AbstractRegistryFactory] - < [DUBBO] Close all registries [], dubbo version: 2.5.3, current host: 127.0.0.1>
2017-11-09 13:30:17,462 INFO [com.lanxi.util.utils.LoggerUtil] - <log4j初始化完成!>
2017-11-09 13:30:17,464 INFO [com.lanxi.couponcode.impl.service.MerchantServiceImpl] - <尝试获取商户下属门店merchantId[1]
,operaterId[null]
,operaterPhone[null]
,operaterInfo[null]
>
2017-11-09 13:30:17,716 INFO [org.springframework.beans.factory.xml.XmlBeanDefinitionReader] - <Loading XML bean definitions from class path resource [org/springframework/jdbc/support/sql-error-codes.xml]>
2017-11-09 13:30:17,766 INFO [org.springframework.jdbc.support.SQLErrorCodesFactory] - <SQLErrorCodes loaded: [DB2, Derby, H2, HSQL, Informix, MS-SQL, MySQL, Oracle, PostgreSQL, Sybase, Hana]>
2017-11-09 13:30:17,781 INFO [com.alibaba.dubbo.config.AbstractConfig] - < [DUBBO] Run shutdown hook now., dubbo version: 2.5.3, current host: 127.0.0.1>
2017-11-09 13:30:17,784 INFO [com.alibaba.dubbo.registry.support.AbstractRegistryFactory] - < [DUBBO] Close all registries [], dubbo version: 2.5.3, current host: 127.0.0.1>
2017-11-09 13:34:03,468 INFO [com.lanxi.util.utils.LoggerUtil] - <log4j初始化完成!>
2017-11-09 13:34:03,469 INFO [com.lanxi.couponcode.impl.service.MerchantServiceImpl] - <尝试获取商户下属门店merchantId[1]
,operaterId[null]
,operaterPhone[null]
,operaterInfo[null]
>
2017-11-09 13:34:03,721 INFO [com.lanxi.couponcode.impl.service.MerchantServiceImpl] - <条件装饰结果[WHERE (merchant_id = ?)]merchantId[1]
,operaterId[null]
,operaterPhone[null]
,operaterInfo[null]
>
2017-11-09 13:34:03,722 INFO [com.lanxi.couponcode.impl.service.MerchantServiceImpl] - <查询到的记录数[1]merchantId[1]
,operaterId[null]
,operaterPhone[null]
,operaterInfo[null]
>
2017-11-09 13:34:03,726 INFO [com.alibaba.dubbo.config.AbstractConfig] - < [DUBBO] Run shutdown hook now., dubbo version: 2.5.3, current host: 127.0.0.1>
2017-11-09 13:34:03,731 INFO [com.alibaba.dubbo.registry.support.AbstractRegistryFactory] - < [DUBBO] Close all registries [], dubbo version: 2.5.3, current host: 127.0.0.1>
2017-11-09 14:29:29,002 INFO [com.lanxi.util.utils.LoggerUtil] - <log4j初始化完成!>
2017-11-09 14:29:29,004 INFO [com.lanxi.couponcode.impl.service.MerchantServiceImpl] - <尝试修改商户,
operaterId[1]
,operaterPhone[1]
,operaterInfo[1]
>
2017-11-09 14:29:29,480 INFO [com.lanxi.couponcode.impl.service.MerchantServiceImpl] - <修改商户成功
operaterId[1]
,operaterPhone[1]
,operaterInfo[1]
>
2017-11-09 14:29:29,544 INFO [com.lanxi.couponcode.impl.service.MerchantServiceImpl] - <修改商户操作记录[OperateRecord{recordId=928509830385090560, operaterId=1, operaterPhone='1', targetType=7, description='修改商户', operateTime='20171109142929', operateResult='成功', remark='null', operaterInfo='1', targetInfo='{"merchantId":1,"minuteWorkAddress":"正泰大厦蓝喜"}', targetResultInfo='null', moreInfo='null'}]结果[true],
operaterId[1]
,operaterPhone[1]
,operaterInfo[1]
>
2017-11-09 14:29:29,550 INFO [com.alibaba.dubbo.config.AbstractConfig] - < [DUBBO] Run shutdown hook now., dubbo version: 2.5.3, current host: 127.0.0.1>
2017-11-09 14:29:29,554 INFO [com.alibaba.dubbo.registry.support.AbstractRegistryFactory] - < [DUBBO] Close all registries [], dubbo version: 2.5.3, current host: 127.0.0.1>
2017-11-09 14:50:29,380 INFO [com.lanxi.util.utils.LoggerUtil] - <log4j初始化完成!>
2017-11-09 14:50:29,381 INFO [com.lanxi.couponcode.impl.service.MerchantServiceImpl] - <尝试修改商户状态,
merchantId[1]
,operaterId[1]
,operaterPhone[null]
,operaterInfo[null]
,merchatStatus[freeze]
>
2017-11-09 14:50:29,926 INFO [com.lanxi.couponcode.impl.service.MerchantServiceImpl] - <修改商户状态成功
merchantId[1]
,operaterId[1]
,operaterPhone[null]
,operaterInfo[null]
,merchatStatus[freeze]
>
2017-11-09 14:50:29,944 INFO [com.lanxi.couponcode.impl.service.MerchantServiceImpl] - <修改商户状态操作记录[OperateRecord{recordId=928515116881645568, operaterId=1, operaterPhone='null', targetType=7, description='修改商户状态', operateTime='20171109145029', operateResult='成功', remark='null', operaterInfo='null', targetInfo='{"merchantId":1}', targetResultInfo='null', moreInfo='null'}]结果[true],
merchantId[1]
,operaterId[1]
,operaterPhone[null]
,operaterInfo[null]
,merchatStatus[freeze]
>
2017-11-09 14:50:29,947 INFO [com.alibaba.dubbo.config.AbstractConfig] - < [DUBBO] Run shutdown hook now., dubbo version: 2.5.3, current host: 127.0.0.1>
2017-11-09 14:50:29,951 INFO [com.alibaba.dubbo.registry.support.AbstractRegistryFactory] - < [DUBBO] Close all registries [], dubbo version: 2.5.3, current host: 127.0.0.1>
2017-11-09 16:09:48,889 INFO [com.lanxi.util.utils.LoggerUtil] - <log4j初始化完成!>
2017-11-09 16:09:48,901 INFO [com.alibaba.dubbo.config.AbstractConfig] - < [DUBBO] Run shutdown hook now., dubbo version: 2.5.3, current host: 127.0.0.1>
2017-11-09 16:09:48,904 INFO [com.alibaba.dubbo.registry.support.AbstractRegistryFactory] - < [DUBBO] Close all registries [], dubbo version: 2.5.3, current host: 127.0.0.1>
2017-11-09 16:12:35,188 INFO [com.lanxi.util.utils.LoggerUtil] - <log4j初始化完成!>
2017-11-09 16:12:35,190 INFO [com.lanxi.couponcode.impl.service.ShopServiceImpl] - <尝试冻结1所有门店,
merchantId[1]
,operaterId[null]
,operaterPhone[null]
,operaterInfo[null]
>
2017-11-09 16:12:35,397 INFO [com.lanxi.couponcode.impl.service.ShopServiceImpl] - <冻结所有门店成功>
2017-11-09 16:12:35,400 INFO [com.alibaba.dubbo.config.AbstractConfig] - < [DUBBO] Run shutdown hook now., dubbo version: 2.5.3, current host: 127.0.0.1>
2017-11-09 16:12:35,403 INFO [com.alibaba.dubbo.registry.support.AbstractRegistryFactory] - < [DUBBO] Close all registries [], dubbo version: 2.5.3, current host: 127.0.0.1>
2017-11-09 16:14:20,850 INFO [com.lanxi.util.utils.LoggerUtil] - <log4j初始化完成!>
2017-11-09 16:14:20,852 INFO [com.lanxi.couponcode.impl.service.ShopServiceImpl] - <尝试冻结1所有门店,
merchantId[1]
,operaterId[null]
,operaterPhone[null]
,operaterInfo[null]
>
2017-11-09 16:14:21,061 INFO [com.lanxi.couponcode.impl.service.ShopServiceImpl] - <冻结所有门店成功>
2017-11-09 16:14:21,064 INFO [com.alibaba.dubbo.config.AbstractConfig] - < [DUBBO] Run shutdown hook now., dubbo version: 2.5.3, current host: 127.0.0.1>
2017-11-09 16:14:21,069 INFO [com.alibaba.dubbo.registry.support.AbstractRegistryFactory] - < [DUBBO] Close all registries [], dubbo version: 2.5.3, current host: 127.0.0.1>
2017-11-09 16:44:00,046 INFO [com.lanxi.util.utils.LoggerUtil] - <log4j初始化完成!>
2017-11-09 16:44:00,048 INFO [com.lanxi.couponcode.impl.service.MerchantServiceImpl] - <尝试修改商户状态,
merchantId[1]
,operaterId[null]
,operaterPhone[null]
,operaterInfo[null]
,merchatStatus[freeze]
>
2017-11-09 16:44:00,281 INFO [com.lanxi.couponcode.impl.service.MerchantServiceImpl] - <尝试同时冻结门店和商户>
2017-11-09 16:44:00,282 INFO [com.lanxi.couponcode.impl.service.ShopServiceImpl] - <尝试冻结1所有门店,
merchantId[1]
,operaterId[null]
,operaterPhone[null]
,operaterInfo[null]
>
2017-11-09 16:44:00,523 INFO [com.lanxi.couponcode.impl.service.ShopServiceImpl] - <冻结所有门店成功merchantId[1]
,operaterId[null]
,operaterPhone[null]
,operaterInfo[null]
>
2017-11-09 16:44:00,543 INFO [com.lanxi.couponcode.impl.service.MerchantServiceImpl] - <同时冻结门店和商户成功>
2017-11-09 16:44:00,544 INFO [com.lanxi.couponcode.impl.service.MerchantServiceImpl] - <修改商户状态成功
merchantId[1]
,operaterId[null]
,operaterPhone[null]
,operaterInfo[null]
,merchatStatus[freeze]
>
2017-11-09 16:44:00,587 INFO [com.lanxi.couponcode.impl.service.MerchantServiceImpl] - <修改商户状态操作记录[OperateRecord{recordId=928543682788786176, operaterId=null, operaterPhone='null', targetType=7, description='修改商户状态', operateTime='20171109164400', operateResult='成功', remark='null', operaterInfo='null', targetInfo='{"merchantId":1}', targetResultInfo='null', moreInfo='null'}]结果[true],
merchantId[1]
,operaterId[null]
,operaterPhone[null]
,operaterInfo[null]
,merchatStatus[freeze]
>
2017-11-09 16:44:00,590 INFO [com.alibaba.dubbo.config.AbstractConfig] - < [DUBBO] Run shutdown hook now., dubbo version: 2.5.3, current host: 127.0.0.1>
2017-11-09 16:44:00,594 INFO [com.alibaba.dubbo.registry.support.AbstractRegistryFactory] - < [DUBBO] Close all registries [], dubbo version: 2.5.3, current host: 127.0.0.1>
2017-11-09 16:49:04,521 INFO [com.lanxi.util.utils.LoggerUtil] - <log4j初始化完成!>
2017-11-09 16:49:04,522 INFO [com.lanxi.couponcode.impl.service.MerchantServiceImpl] - <尝试修改商户状态,
merchantId[1]
,operaterId[null]
,operaterPhone[null]
,operaterInfo[null]
,merchatStatus[freeze]
>
2017-11-09 16:49:04,758 INFO [com.lanxi.couponcode.impl.service.MerchantServiceImpl] - <尝试同时冻结门店和商户>
2017-11-09 16:49:04,759 INFO [com.lanxi.couponcode.impl.service.ShopServiceImpl] - <尝试冻结1所有门店,
merchantId[1]
,operaterId[null]
,operaterPhone[null]
,operaterInfo[null]
>
2017-11-09 16:49:04,972 INFO [com.lanxi.couponcode.impl.service.ShopServiceImpl] - <冻结所有门店成功merchantId[1]
,operaterId[null]
,operaterPhone[null]
,operaterInfo[null]
>
2017-11-09 16:49:04,981 INFO [com.alibaba.dubbo.config.AbstractConfig] - < [DUBBO] Run shutdown hook now., dubbo version: 2.5.3, current host: 127.0.0.1>
2017-11-09 16:49:04,986 INFO [com.alibaba.dubbo.registry.support.AbstractRegistryFactory] - < [DUBBO] Close all registries [], dubbo version: 2.5.3, current host: 127.0.0.1>
2017-11-09 16:58:43,914 INFO [com.lanxi.util.utils.LoggerUtil] - <log4j初始化完成!>
2017-11-09 16:58:43,915 INFO [com.lanxi.couponcode.impl.service.MerchantServiceImpl] - <尝试修改商户状态,
merchantId[1]
,operaterId[null]
,operaterPhone[null]
,operaterInfo[null]
,merchatStatus[freeze]
>
2017-11-09 16:58:44,156 INFO [com.lanxi.couponcode.impl.service.MerchantServiceImpl] - <尝试同时冻结门店和商户>
2017-11-09 16:58:44,157 INFO [com.lanxi.couponcode.impl.service.ShopServiceImpl] - <尝试冻结1所有门店,
merchantId[1]
,operaterId[null]
,operaterPhone[null]
,operaterInfo[null]
>
2017-11-09 16:58:44,386 INFO [com.lanxi.couponcode.impl.service.ShopServiceImpl] - <冻结所有门店成功merchantId[1]
,operaterId[null]
,operaterPhone[null]
,operaterInfo[null]
>
2017-11-09 16:58:44,413 INFO [com.lanxi.couponcode.impl.service.MerchantServiceImpl] - <同时冻结门店和商户成功>
2017-11-09 16:58:44,413 INFO [com.lanxi.couponcode.impl.service.MerchantServiceImpl] - <修改商户状态成功
merchantId[1]
,operaterId[null]
,operaterPhone[null]
,operaterInfo[null]
,merchatStatus[freeze]
>
2017-11-09 16:58:44,432 INFO [com.lanxi.couponcode.impl.service.MerchantServiceImpl] - <修改商户状态操作记录[OperateRecord{recordId=928547389983121408, operaterId=null, operaterPhone='null', targetType=7, description='修改商户状态', operateTime='20171109165844', operateResult='成功', remark='null', operaterInfo='null', targetInfo='{"merchantId":1}', targetResultInfo='null', moreInfo='null'}]结果[true],
merchantId[1]
,operaterId[null]
,operaterPhone[null]
,operaterInfo[null]
,merchatStatus[freeze]
>
2017-11-09 16:58:44,435 INFO [com.alibaba.dubbo.config.AbstractConfig] - < [DUBBO] Run shutdown hook now., dubbo version: 2.5.3, current host: 127.0.0.1>
2017-11-09 16:58:44,439 INFO [com.alibaba.dubbo.registry.support.AbstractRegistryFactory] - < [DUBBO] Close all registries [], dubbo version: 2.5.3, current host: 127.0.0.1>
2017-11-09 17:00:06,645 INFO [com.lanxi.util.utils.LoggerUtil] - <log4j初始化完成!>
2017-11-09 17:00:06,646 INFO [com.lanxi.couponcode.impl.service.MerchantServiceImpl] - <尝试修改商户状态,
merchantId[1]
,operaterId[null]
,operaterPhone[null]
,operaterInfo[null]
,merchatStatus[freeze]
>
2017-11-09 17:00:06,901 INFO [com.lanxi.couponcode.impl.service.MerchantServiceImpl] - <尝试同时冻结门店和商户>
2017-11-09 17:00:06,901 INFO [com.lanxi.couponcode.impl.service.ShopServiceImpl] - <尝试冻结1所有门店,
merchantId[1]
,operaterId[null]
,operaterPhone[null]
,operaterInfo[null]
>
2017-11-09 17:00:07,156 INFO [com.lanxi.couponcode.impl.service.ShopServiceImpl] - <冻结所有门店成功merchantId[1]
,operaterId[null]
,operaterPhone[null]
,operaterInfo[null]
>
2017-11-09 17:00:07,184 INFO [com.alibaba.dubbo.config.AbstractConfig] - < [DUBBO] Run shutdown hook now., dubbo version: 2.5.3, current host: 127.0.0.1>
2017-11-09 17:00:07,188 INFO [com.alibaba.dubbo.registry.support.AbstractRegistryFactory] - < [DUBBO] Close all registries [], dubbo version: 2.5.3, current host: 127.0.0.1>
2017-11-09 17:02:43,588 INFO [com.lanxi.util.utils.LoggerUtil] - <log4j初始化完成!>
2017-11-09 17:02:43,590 INFO [com.lanxi.couponcode.impl.service.MerchantServiceImpl] - <尝试修改商户状态,
merchantId[1]
,operaterId[null]
,operaterPhone[null]
,operaterInfo[null]
,merchatStatus[freeze]
>
2017-11-09 17:02:43,845 INFO [com.lanxi.couponcode.impl.service.MerchantServiceImpl] - <尝试同时冻结门店和商户>
2017-11-09 17:02:43,845 INFO [com.lanxi.couponcode.impl.service.ShopServiceImpl] - <尝试冻结1所有门店,
merchantId[1]
,operaterId[null]
,operaterPhone[null]
,operaterInfo[null]
>
2017-11-09 17:02:44,081 INFO [com.lanxi.couponcode.impl.service.ShopServiceImpl] - <冻结所有门店成功merchantId[1]
,operaterId[null]
,operaterPhone[null]
,operaterInfo[null]
>
2017-11-09 17:02:44,090 INFO [com.alibaba.dubbo.config.AbstractConfig] - < [DUBBO] Run shutdown hook now., dubbo version: 2.5.3, current host: 127.0.0.1>
2017-11-09 17:02:44,094 INFO [com.alibaba.dubbo.registry.support.AbstractRegistryFactory] - < [DUBBO] Close all registries [], dubbo version: 2.5.3, current host: 127.0.0.1>
2017-11-09 17:05:06,858 INFO [com.lanxi.util.utils.LoggerUtil] - <log4j初始化完成!>
2017-11-09 17:05:06,860 INFO [com.lanxi.couponcode.impl.service.MerchantServiceImpl] - <尝试修改商户状态,
merchantId[1]
,operaterId[null]
,operaterPhone[null]
,operaterInfo[null]
,merchatStatus[freeze]
>
2017-11-09 17:05:07,117 INFO [com.lanxi.couponcode.impl.service.MerchantServiceImpl] - <尝试同时冻结门店和商户>
2017-11-09 17:05:07,117 INFO [com.lanxi.couponcode.impl.service.ShopServiceImpl] - <尝试冻结1所有门店,
merchantId[1]
,operaterId[null]
,operaterPhone[null]
,operaterInfo[null]
>
2017-11-09 17:05:07,356 INFO [com.lanxi.couponcode.impl.service.ShopServiceImpl] - <冻结所有门店成功merchantId[1]
,operaterId[null]
,operaterPhone[null]
,operaterInfo[null]
>
2017-11-09 17:05:07,399 INFO [com.alibaba.dubbo.config.AbstractConfig] - < [DUBBO] Run shutdown hook now., dubbo version: 2.5.3, current host: 127.0.0.1>
2017-11-09 17:05:07,404 INFO [com.alibaba.dubbo.registry.support.AbstractRegistryFactory] - < [DUBBO] Close all registries [], dubbo version: 2.5.3, current host: 127.0.0.1>
2017-11-09 17:16:57,660 INFO [com.lanxi.util.utils.LoggerUtil] - <log4j初始化完成!>
2017-11-09 17:16:57,662 INFO [com.lanxi.couponcode.impl.service.MerchantServiceImpl] - <尝试修改商户状态,
merchantId[1]
,operaterId[null]
,operaterPhone[null]
,operaterInfo[null]
,merchatStatus[freeze]
>
2017-11-09 17:16:57,914 INFO [com.lanxi.couponcode.impl.service.MerchantServiceImpl] - <尝试同时冻结门店和商户>
2017-11-09 17:16:57,914 INFO [com.lanxi.couponcode.impl.service.ShopServiceImpl] - <尝试冻结1所有门店,
merchantId[1]
,operaterId[null]
,operaterPhone[null]
,operaterInfo[null]
>
2017-11-09 17:16:58,168 INFO [com.lanxi.couponcode.impl.service.ShopServiceImpl] - <冻结所有门店成功merchantId[1]
,operaterId[null]
,operaterPhone[null]
,operaterInfo[null]
>
2017-11-09 17:16:58,175 INFO [com.alibaba.dubbo.config.AbstractConfig] - < [DUBBO] Run shutdown hook now., dubbo version: 2.5.3, current host: 127.0.0.1>
2017-11-09 17:16:58,181 INFO [com.alibaba.dubbo.registry.support.AbstractRegistryFactory] - < [DUBBO] Close all registries [], dubbo version: 2.5.3, current host: 127.0.0.1>
2017-11-09 17:25:33,919 INFO [com.lanxi.util.utils.LoggerUtil] - <log4j初始化完成!>
2017-11-09 17:25:33,961 INFO [com.lanxi.couponcode.impl.service.MerchantServiceImpl] - <尝试修改商户状态,
merchantId[1]
,operaterId[null]
,operaterPhone[null]
,operaterInfo[null]
,merchatStatus[freeze]
>
2017-11-09 17:25:34,231 INFO [com.lanxi.couponcode.impl.service.MerchantServiceImpl] - <尝试同时冻结门店和商户>
2017-11-09 17:25:34,231 INFO [com.lanxi.couponcode.impl.service.ShopServiceImpl] - <尝试冻结1所有门店,
merchantId[1]
,operaterId[null]
,operaterPhone[null]
,operaterInfo[null]
>
2017-11-09 17:25:34,478 INFO [com.lanxi.couponcode.impl.service.ShopServiceImpl] - <冻结所有门店成功merchantId[1]
,operaterId[null]
,operaterPhone[null]
,operaterInfo[null]
>
2017-11-09 17:25:34,491 INFO [com.alibaba.dubbo.config.AbstractConfig] - < [DUBBO] Run shutdown hook now., dubbo version: 2.5.3, current host: 127.0.0.1>
2017-11-09 17:25:34,495 INFO [com.alibaba.dubbo.registry.support.AbstractRegistryFactory] - < [DUBBO] Close all registries [], dubbo version: 2.5.3, current host: 127.0.0.1>
2017-11-09 17:39:43,530 INFO [com.lanxi.util.utils.LoggerUtil] - <log4j初始化完成!>
2017-11-09 17:39:43,571 INFO [com.lanxi.couponcode.impl.service.MerchantServiceImpl] - <尝试修改商户状态,
merchantId[1]
,operaterId[null]
,operaterPhone[null]
,operaterInfo[null]
,merchatStatus[freeze]
>
2017-11-09 17:39:43,846 INFO [com.lanxi.couponcode.impl.service.MerchantServiceImpl] - <尝试同时冻结门店和商户>
2017-11-09 17:39:43,847 INFO [com.lanxi.couponcode.impl.service.ShopServiceImpl] - <尝试冻结1所有门店,
merchantId[1]
,operaterId[null]
,operaterPhone[null]
,operaterInfo[null]
>
2017-11-09 17:39:44,101 INFO [com.lanxi.couponcode.impl.service.ShopServiceImpl] - <冻结所有门店成功merchantId[1]
,operaterId[null]
,operaterPhone[null]
,operaterInfo[null]
>
2017-11-09 17:39:44,109 INFO [com.alibaba.dubbo.config.AbstractConfig] - < [DUBBO] Run shutdown hook now., dubbo version: 2.5.3, current host: 127.0.0.1>
2017-11-09 17:39:44,113 INFO [com.alibaba.dubbo.registry.support.AbstractRegistryFactory] - < [DUBBO] Close all registries [], dubbo version: 2.5.3, current host: 127.0.0.1>
2017-11-09 18:28:43,815 INFO [com.lanxi.util.utils.LoggerUtil] - <log4j初始化完成!>
2017-11-09 18:28:43,851 INFO [com.lanxi.couponcode.impl.service.MerchantServiceImpl] - <尝试修改商户状态,
merchantId[1]
,operaterId[null]
,operaterPhone[null]
,operaterInfo[null]
,merchatStatus[freeze]
>
2017-11-09 18:28:44,325 INFO [com.lanxi.couponcode.impl.service.MerchantServiceImpl] - <尝试同时冻结门店和商户>
2017-11-09 18:28:44,325 INFO [com.lanxi.couponcode.impl.service.ShopServiceImpl] - <尝试冻结1所有门店,
merchantId[1]
,operaterId[null]
,operaterPhone[null]
,operaterInfo[null]
>
2017-11-09 18:28:44,580 INFO [com.lanxi.couponcode.impl.service.ShopServiceImpl] - <冻结所有门店成功merchantId[1]
,operaterId[null]
,operaterPhone[null]
,operaterInfo[null]
>
2017-11-09 18:28:44,588 INFO [com.alibaba.dubbo.config.AbstractConfig] - < [DUBBO] Run shutdown hook now., dubbo version: 2.5.3, current host: 127.0.0.1>
2017-11-09 18:28:44,592 INFO [com.alibaba.dubbo.registry.support.AbstractRegistryFactory] - < [DUBBO] Close all registries [], dubbo version: 2.5.3, current host: 127.0.0.1>
2017-11-09 19:25:05,851 INFO [com.lanxi.util.utils.LoggerUtil] - <log4j初始化完成!>
2017-11-09 19:25:05,859 INFO [com.alibaba.dubbo.config.AbstractConfig] - < [DUBBO] Run shutdown hook now., dubbo version: 2.5.3, current host: 127.0.0.1>
2017-11-09 19:25:05,863 INFO [com.alibaba.dubbo.registry.support.AbstractRegistryFactory] - < [DUBBO] Close all registries [], dubbo version: 2.5.3, current host: 127.0.0.1>
2017-11-09 19:27:14,339 INFO [com.lanxi.util.utils.LoggerUtil] - <log4j初始化完成!>
2017-11-09 19:27:14,341 INFO [com.lanxi.couponcode.impl.service.MerchantServiceImpl] - <尝试修改商户状态,
merchantId[1]
,operaterId[null]
,operaterPhone[null]
,operaterInfo[null]
,merchatStatus[freeze]
>
2017-11-09 19:27:14,600 INFO [com.alibaba.dubbo.config.AbstractConfig] - < [DUBBO] Run shutdown hook now., dubbo version: 2.5.3, current host: 127.0.0.1>
2017-11-09 19:27:14,605 INFO [com.alibaba.dubbo.registry.support.AbstractRegistryFactory] - < [DUBBO] Close all registries [], dubbo version: 2.5.3, current host: 127.0.0.1>
2017-11-09 19:30:00,020 INFO [com.lanxi.util.utils.LoggerUtil] - <log4j初始化完成!>
2017-11-09 19:30:00,022 INFO [com.lanxi.couponcode.impl.service.MerchantServiceImpl] - <尝试修改商户状态,
merchantId[1]
,operaterId[null]
,operaterPhone[null]
,operaterInfo[null]
,merchatStatus[freeze]
>
2017-11-09 19:30:00,294 INFO [com.alibaba.dubbo.config.AbstractConfig] - < [DUBBO] Run shutdown hook now., dubbo version: 2.5.3, current host: 127.0.0.1>
2017-11-09 19:30:00,298 INFO [com.alibaba.dubbo.registry.support.AbstractRegistryFactory] - < [DUBBO] Close all registries [], dubbo version: 2.5.3, current host: 127.0.0.1>
2017-11-09 19:31:28,271 INFO [com.lanxi.util.utils.LoggerUtil] - <log4j初始化完成!>
2017-11-09 19:31:28,272 INFO [com.lanxi.couponcode.impl.service.MerchantServiceImpl] - <尝试修改商户状态,
merchantId[1]
,operaterId[null]
,operaterPhone[null]
,operaterInfo[null]
,merchatStatus[freeze]
>
2017-11-09 19:31:28,545 INFO [com.alibaba.dubbo.config.AbstractConfig] - < [DUBBO] Run shutdown hook now., dubbo version: 2.5.3, current host: 127.0.0.1>
2017-11-09 19:31:28,552 INFO [com.alibaba.dubbo.registry.support.AbstractRegistryFactory] - < [DUBBO] Close all registries [], dubbo version: 2.5.3, current host: 127.0.0.1>
2017-11-09 19:47:48,369 INFO [com.lanxi.util.utils.LoggerUtil] - <log4j初始化完成!>
2017-11-09 19:47:48,371 INFO [com.lanxi.couponcode.impl.service.MerchantServiceImpl] - <尝试修改商户状态,
merchantId[1]
,operaterId[null]
,operaterPhone[null]
,operaterInfo[null]
,merchatStatus[freeze]
>
2017-11-09 19:47:48,634 INFO [com.lanxi.couponcode.impl.service.MerchantServiceImpl] - <尝试同时冻结门店和商户>
2017-11-09 19:47:48,634 INFO [com.lanxi.couponcode.impl.service.ShopServiceImpl] - <尝试冻结1所有门店,
merchantId[1]
,operaterId[null]
,operaterPhone[null]
,operaterInfo[null]
>
2017-11-09 19:47:48,853 INFO [com.lanxi.couponcode.impl.service.ShopServiceImpl] - <冻结所有门店成功merchantId[1]
,operaterId[null]
,operaterPhone[null]
,operaterInfo[null]
>
2017-11-09 19:47:48,865 INFO [com.lanxi.couponcode.impl.service.MerchantServiceImpl] - <同时冻结门店和商户成功>
2017-11-09 19:47:48,887 INFO [com.lanxi.couponcode.impl.service.MerchantServiceImpl] - <修改商户状态成功
merchantId[1]
,operaterId[null]
,operaterPhone[null]
,operaterInfo[null]
,merchatStatus[freeze]
>
2017-11-09 19:47:48,907 INFO [com.lanxi.couponcode.impl.service.MerchantServiceImpl] - <修改商户状态操作记录[OperateRecord{recordId=928589938940669952, operaterId=null, operaterPhone='null', targetType=7, description='修改商户状态', operateTime='20171109194748', operateResult='成功', remark='null', operaterInfo='null', targetInfo='{"merchantId":1}', targetResultInfo='null', moreInfo='null'}]结果[true],
merchantId[1]
,operaterId[null]
,operaterPhone[null]
,operaterInfo[null]
,merchatStatus[freeze]
>
2017-11-09 19:47:48,912 INFO [com.alibaba.dubbo.config.AbstractConfig] - < [DUBBO] Run shutdown hook now., dubbo version: 2.5.3, current host: 127.0.0.1>
2017-11-09 19:47:48,916 INFO [com.alibaba.dubbo.registry.support.AbstractRegistryFactory] - < [DUBBO] Close all registries [], dubbo version: 2.5.3, current host: 127.0.0.1>
2017-11-09 19:48:59,191 INFO [com.lanxi.util.utils.LoggerUtil] - <log4j初始化完成!>
2017-11-09 19:48:59,192 INFO [com.lanxi.couponcode.impl.service.MerchantServiceImpl] - <尝试修改商户状态,
merchantId[1]
,operaterId[null]
,operaterPhone[null]
,operaterInfo[null]
,merchatStatus[freeze]
>
2017-11-09 19:48:59,448 INFO [com.lanxi.couponcode.impl.service.MerchantServiceImpl] - <尝试同时冻结门店和商户>
2017-11-09 19:48:59,448 INFO [com.lanxi.couponcode.impl.service.ShopServiceImpl] - <尝试冻结1所有门店,
merchantId[1]
,operaterId[null]
,operaterPhone[null]
,operaterInfo[null]
>
2017-11-09 19:48:59,671 INFO [com.lanxi.couponcode.impl.service.ShopServiceImpl] - <冻结所有门店成功merchantId[1]
,operaterId[null]
,operaterPhone[null]
,operaterInfo[null]
>
2017-11-09 19:48:59,698 INFO [com.alibaba.dubbo.config.AbstractConfig] - < [DUBBO] Run shutdown hook now., dubbo version: 2.5.3, current host: 127.0.0.1>
2017-11-09 19:48:59,703 INFO [com.alibaba.dubbo.registry.support.AbstractRegistryFactory] - < [DUBBO] Close all registries [], dubbo version: 2.5.3, current host: 127.0.0.1>
2017-11-09 19:52:31,514 INFO [com.lanxi.util.utils.LoggerUtil] - <log4j初始化完成!>
2017-11-09 19:52:31,515 INFO [com.lanxi.couponcode.impl.service.MerchantServiceImpl] - <尝试修改商户状态,
merchantId[1]
,operaterId[null]
,operaterPhone[null]
,operaterInfo[null]
,merchatStatus[freeze]
>
2017-11-09 19:52:31,799 INFO [com.lanxi.couponcode.impl.service.MerchantServiceImpl] - <尝试同时冻结门店和商户>
2017-11-09 19:52:31,799 INFO [com.lanxi.couponcode.impl.service.ShopServiceImpl] - <尝试冻结1所有门店,
merchantId[1]
,operaterId[null]
,operaterPhone[null]
,operaterInfo[null]
>
2017-11-09 19:52:32,025 INFO [com.lanxi.couponcode.impl.service.ShopServiceImpl] - <冻结所有门店成功merchantId[1]
,operaterId[null]
,operaterPhone[null]
,operaterInfo[null]
>
2017-11-09 19:52:32,035 INFO [com.lanxi.couponcode.impl.service.MerchantServiceImpl] - <同时冻结门店和商户成功>
2017-11-09 19:52:32,049 INFO [com.lanxi.couponcode.impl.service.MerchantServiceImpl] - <修改商户状态成功
merchantId[1]
,operaterId[null]
,operaterPhone[null]
,operaterInfo[null]
,merchatStatus[freeze]
>
2017-11-09 19:52:32,066 INFO [com.lanxi.couponcode.impl.service.MerchantServiceImpl] - <修改商户状态操作记录[OperateRecord{recordId=928591126541103104, operaterId=null, operaterPhone='null', targetType=7, description='修改商户状态', operateTime='20171109195231', operateResult='成功', remark='null', operaterInfo='null', targetInfo='{"merchantId":1}', targetResultInfo='null', moreInfo='null'}]结果[true],
merchantId[1]
,operaterId[null]
,operaterPhone[null]
,operaterInfo[null]
,merchatStatus[freeze]
>
2017-11-09 19:52:32,069 INFO [com.alibaba.dubbo.config.AbstractConfig] - < [DUBBO] Run shutdown hook now., dubbo version: 2.5.3, current host: 127.0.0.1>
2017-11-09 19:52:32,074 INFO [com.alibaba.dubbo.registry.support.AbstractRegistryFactory] - < [DUBBO] Close all registries [], dubbo version: 2.5.3, current host: 127.0.0.1>
